<?xml version="1.0" encoding="UTF-8"?>
<testsuite name="Win32-ninja"
	tests="127"
	failures="29"
	disabled="0"
	skipped="0"
	hostname="LuxDesktop"
	time="13"
	timestamp="2026-09-12T09:21:36"
	>
	<testcase name="architecture_world_domain_positive" classname="architecture_world_domain_positive" time="0.197214" status="run">
		<properties>
			<property name="cmake_labels" value="architecture;l1"/>
		</properties>
		<system-out>-- Selecting Windows SDK version 10.0.26100.0 to target Windows 10.0.26200.
-- Configuring done (0.1s)
-- Generating done (0.0s)
-- Build files have been written to: E:/SyncForder/CodeRepos/build/RelWithDebInfo/o/w/d/architecture-layer-probes/architecture_world_domain_positive
</system-out>
	</testcase>
	<testcase name="architecture_simulation_domain_positive" classname="architecture_simulation_domain_positive" time="0.0971032" status="run">
		<properties>
			<property name="cmake_labels" value="architecture;l1"/>
		</properties>
		<system-out>-- Selecting Windows SDK version 10.0.26100.0 to target Windows 10.0.26200.
-- Configuring done (0.0s)
-- Generating done (0.0s)
-- Build files have been written to: E:/SyncForder/CodeRepos/build/RelWithDebInfo/o/w/d/architecture-layer-probes/architecture_simulation_domain_positive
</system-out>
	</testcase>
	<testcase name="architecture_simulation_world_negative" classname="architecture_simulation_world_negative" time="0.0515969" status="run">
		<properties>
			<property name="cmake_labels" value="architecture;l1"/>
		</properties>
		<system-out>-- Selecting Windows SDK version 10.0.26100.0 to target Windows 10.0.26200.
CMake Error at E:/SyncForder/CodeRepos/build/RelWithDebInfo/script-native-lua-na1/local-source/cmake/TargetArchitecture.cmake:278 (message):
  Architecture DAG: SIMULATION target 'probe_consumer' may not link WORLD
  target 'probe_dependency'
Call Stack (most recent call first):
  CMakeLists.txt:27 (lux_validate_target_dag)


-- Configuring incomplete, errors occurred!
</system-out>
	</testcase>
	<testcase name="architecture_domain_world_negative" classname="architecture_domain_world_negative" time="0.0457532" status="run">
		<properties>
			<property name="cmake_labels" value="architecture;l1"/>
		</properties>
		<system-out>-- Selecting Windows SDK version 10.0.26100.0 to target Windows 10.0.26200.
CMake Error at E:/SyncForder/CodeRepos/build/RelWithDebInfo/script-native-lua-na1/local-source/cmake/TargetArchitecture.cmake:278 (message):
  Architecture DAG: DOMAIN target 'probe_consumer' may not link WORLD target
  'probe_dependency'
Call Stack (most recent call first):
  CMakeLists.txt:27 (lux_validate_target_dag)


-- Configuring incomplete, errors occurred!
</system-out>
	</testcase>
	<testcase name="architecture_domain_simulation_negative" classname="architecture_domain_simulation_negative" time="0.0505235" status="run">
		<properties>
			<property name="cmake_labels" value="architecture;l1"/>
		</properties>
		<system-out>-- Selecting Windows SDK version 10.0.26100.0 to target Windows 10.0.26200.
CMake Error at E:/SyncForder/CodeRepos/build/RelWithDebInfo/script-native-lua-na1/local-source/cmake/TargetArchitecture.cmake:278 (message):
  Architecture DAG: DOMAIN target 'probe_consumer' may not link SIMULATION
  target 'probe_dependency'
Call Stack (most recent call first):
  CMakeLists.txt:27 (lux_validate_target_dag)


-- Configuring incomplete, errors occurred!
</system-out>
	</testcase>
	<testcase name="architecture_process_world_loading_positive" classname="architecture_process_world_loading_positive" time="0.113855" status="run">
		<properties>
			<property name="cmake_labels" value="architecture;l1"/>
		</properties>
		<system-out>-- Selecting Windows SDK version 10.0.26100.0 to target Windows 10.0.26200.
-- Configuring done (0.0s)
-- Generating done (0.1s)
-- Build files have been written to: E:/SyncForder/CodeRepos/build/RelWithDebInfo/o/w/d/architecture-layer-probes/architecture_process_world_loading_positive
</system-out>
	</testcase>
	<testcase name="architecture_scene_process_positive" classname="architecture_scene_process_positive" time="0.105968" status="run">
		<properties>
			<property name="cmake_labels" value="architecture;l1"/>
		</properties>
		<system-out>-- Selecting Windows SDK version 10.0.26100.0 to target Windows 10.0.26200.
-- Configuring done (0.0s)
-- Generating done (0.0s)
-- Build files have been written to: E:/SyncForder/CodeRepos/build/RelWithDebInfo/o/w/d/architecture-layer-probes/architecture_scene_process_positive
</system-out>
	</testcase>
	<testcase name="architecture_process_scene_negative" classname="architecture_process_scene_negative" time="0.0471289" status="run">
		<properties>
			<property name="cmake_labels" value="architecture;l1"/>
		</properties>
		<system-out>-- Selecting Windows SDK version 10.0.26100.0 to target Windows 10.0.26200.
CMake Error at E:/SyncForder/CodeRepos/build/RelWithDebInfo/script-native-lua-na1/local-source/cmake/TargetArchitecture.cmake:278 (message):
  Architecture DAG: PROCESS target 'probe_consumer' may not link SCENE target
  'probe_dependency'
Call Stack (most recent call first):
  CMakeLists.txt:27 (lux_validate_target_dag)


-- Configuring incomplete, errors occurred!
</system-out>
	</testcase>
	<testcase name="architecture_scene_editor_negative" classname="architecture_scene_editor_negative" time="0.0440776" status="run">
		<properties>
			<property name="cmake_labels" value="architecture;l1"/>
		</properties>
		<system-out>-- Selecting Windows SDK version 10.0.26100.0 to target Windows 10.0.26200.
CMake Error at E:/SyncForder/CodeRepos/build/RelWithDebInfo/script-native-lua-na1/local-source/cmake/TargetArchitecture.cmake:278 (message):
  Architecture DAG: SCENE target 'probe_consumer' may not link EDITOR target
  'probe_dependency'
Call Stack (most recent call first):
  CMakeLists.txt:27 (lux_validate_target_dag)


-- Configuring incomplete, errors occurred!
</system-out>
	</testcase>
	<testcase name="architecture_toolchain_function_positive" classname="architecture_toolchain_function_positive" time="0.103502" status="run">
		<properties>
			<property name="cmake_labels" value="architecture;l1"/>
		</properties>
		<system-out>-- Selecting Windows SDK version 10.0.26100.0 to target Windows 10.0.26200.
-- Configuring done (0.0s)
-- Generating done (0.1s)
-- Build files have been written to: E:/SyncForder/CodeRepos/build/RelWithDebInfo/o/w/d/architecture-layer-probes/architecture_toolchain_function_positive
</system-out>
	</testcase>
	<testcase name="architecture_toolchain_editor_negative" classname="architecture_toolchain_editor_negative" time="0.0478418" status="run">
		<properties>
			<property name="cmake_labels" value="architecture;l1"/>
		</properties>
		<system-out>-- Selecting Windows SDK version 10.0.26100.0 to target Windows 10.0.26200.
CMake Error at E:/SyncForder/CodeRepos/build/RelWithDebInfo/script-native-lua-na1/local-source/cmake/TargetArchitecture.cmake:278 (message):
  Architecture DAG: TOOLCHAIN target 'probe_consumer' may not link EDITOR
  target 'probe_dependency'
Call Stack (most recent call first):
  CMakeLists.txt:27 (lux_validate_target_dag)


-- Configuring incomplete, errors occurred!
</system-out>
	</testcase>
	<testcase name="architecture_editor_toolchain_positive" classname="architecture_editor_toolchain_positive" time="0.105185" status="run">
		<properties>
			<property name="cmake_labels" value="architecture;l1"/>
		</properties>
		<system-out>-- Selecting Windows SDK version 10.0.26100.0 to target Windows 10.0.26200.
-- Configuring done (0.0s)
-- Generating done (0.0s)
-- Build files have been written to: E:/SyncForder/CodeRepos/build/RelWithDebInfo/o/w/d/architecture-layer-probes/architecture_editor_toolchain_positive
</system-out>
	</testcase>
	<testcase name="architecture_function_toolchain_negative" classname="architecture_function_toolchain_negative" time="0.0500825" status="run">
		<properties>
			<property name="cmake_labels" value="architecture;l1"/>
		</properties>
		<system-out>-- Selecting Windows SDK version 10.0.26100.0 to target Windows 10.0.26200.
CMake Error at E:/SyncForder/CodeRepos/build/RelWithDebInfo/script-native-lua-na1/local-source/cmake/TargetArchitecture.cmake:278 (message):
  Architecture DAG: FUNCTION target 'probe_consumer' may not link TOOLCHAIN
  target 'probe_dependency'
Call Stack (most recent call first):
  CMakeLists.txt:27 (lux_validate_target_dag)


-- Configuring incomplete, errors occurred!
</system-out>
	</testcase>
	<testcase name="script_core_contract_test" classname="script_core_contract_test" time="0.0064316" status="run">
		<properties/>
		<system-out></system-out>
	</testcase>
	<testcase name="type_static_info_test" classname="type_static_info_test" time="0.0068274" status="run">
		<properties/>
		<system-out></system-out>
	</testcase>
	<testcase name="task_graph_test" classname="task_graph_test" time="0.0607816" status="run">
		<properties/>
		<system-out></system-out>
	</testcase>
	<testcase name="script_description_contract_test" classname="script_description_contract_test" time="0.0071194" status="run">
		<properties/>
		<system-out></system-out>
	</testcase>
	<testcase name="flowforge_dynamism" classname="flowforge_dynamism" time="0.0205649" status="run">
		<properties/>
		<system-out>-- AutoSparseSet::try_emplace_at --
[ ok ] auto keys allocate monotonically from the offset
[ ok ] erase recycles the key into the free list
[ ok ] claiming a previously erased key succeeds
[ ok ] claimed key holds the new value
[ ok ] the claim reclaimed the key from the free list
[ ok ] claiming an occupied key fails
[ ok ] failed claim does not disturb the occupant
[ ok ] later auto-allocation cannot hand out the claimed key again
[ ok ] claiming beyond next_id_ succeeds (gap fill)
[ ok ] next_id_ advanced past the claimed key
[ ok ] skipped keys [5,8) stay allocatable via the free list
[ ok ] auto-allocation reuses a gap key, not the claimed one
[ ok ] claiming below the offset fails
-- FlowGraph::insertNodeAt --
[ ok ] graph indices allocate from 1
[ ok ] removeNode succeeds
[ ok ] removed index is gone
[ ok ] insertNodeAt restores the original index
[ ok ] restored index is live
[ ok ] restored NodeStorage carries its index
[ ok ] later addNodes cannot double-allocate the restored index
[ ok ] insertNod...
[This part of the test output was removed since it exceeds the threshold of 1024 bytes.]
</system-out>
	</testcase>
	<testcase name="flowforge_script_ability_node" classname="flowforge_script_ability_node" time="0.0074303" status="run">
		<properties/>
		<system-out></system-out>
	</testcase>
	<testcase name="script_artifact_codec_test" classname="script_artifact_codec_test" time="0.0324918" status="run">
		<properties/>
		<system-out></system-out>
	</testcase>
	<testcase name="script_lua_page_allocator_test" classname="script_lua_page_allocator_test" time="0.0668638" status="run">
		<properties/>
		<system-out>PAGE_RANDOM,tracked=0,budget=0,operations=20000,live=0,balanced=1
PAGE_RANDOM,tracked=0,budget=16777216,operations=20000,live=0,balanced=1
PAGE_RANDOM,tracked=1,budget=0,operations=20000,live=0,balanced=1
PAGE_RANDOM,tracked=1,budget=16777216,operations=20000,live=0,balanced=1
PAGE_PROTOCOL,pinned=1,reclassify=1,growth_failure_preserves=1,precise_fallback=1,overflow=1
PAGE_REUSE,same_class=32,header_rewrites=0,oldest_evicted=1,cross_class=1,budget_exact=1
ALLOCATOR_PASS,alignment=1,close_live=0,idle_pages_bounded=1,gc_modes=2,diagnostic_oracles=2
</system-out>
	</testcase>
	<testcase name="script_native_runtime_contract_test" classname="script_native_runtime_contract_test" time="0.133151" status="run">
		<properties/>
		<system-out></system-out>
	</testcase>
	<testcase name="simulation_description_contract_test" classname="simulation_description_contract_test" time="0.0326872" status="run">
		<properties/>
		<system-out></system-out>
	</testcase>
	<testcase name="simulation_asset_codec_test" classname="simulation_asset_codec_test" time="0.0180441" status="run">
		<properties/>
		<system-out></system-out>
	</testcase>
	<testcase name="vnext_ecs_core" classname="vnext_ecs_core" time="0.0225363" status="run">
		<properties>
			<property name="cmake_labels" value="core;cpu;l1;vnext"/>
		</properties>
		<system-out></system-out>
	</testcase>
	<testcase name="vnext_ecs_system_registry" classname="vnext_ecs_system_registry" time="0.016446" status="run">
		<properties/>
		<system-out></system-out>
	</testcase>
	<testcase name="simulation_endpoint_point_test" classname="simulation_endpoint_point_test" time="0.0100058" status="run">
		<properties/>
		<system-out></system-out>
	</testcase>
	<testcase name="simulation_throwing_event_payload_rejected" classname="simulation_throwing_event_payload_rejected" time="0.271705" status="run">
		<properties>
			<property name="cmake_labels" value="exception;l1;negative;simulation"/>
		</properties>
		<system-out>-- Target 'simulation_throwing_event_payload_negative' failed compilation for the expected reason
</system-out>
	</testcase>
	<testcase name="simulation_unscoped_hook_rejected" classname="simulation_unscoped_hook_rejected" time="0.243969" status="fail">
		<failure message="Failed"/>
		<properties/>
		<system-out>CMake Error at E:/SyncForder/CodeRepos/build/RelWithDebInfo/script-native-lua-na1/local-source/cmake/ExpectTargetCompileFailure.cmake:19 (message):
  Target 'simulation_unscoped_hook_negative' failed, but not for the expected
  reason ('function does not take 0 arguments|no matching.*dispatch').

  [0/2] Re-checking globbed directories...

  [1/2] Building CXX object
  engine\domain\simulation\system\CMakeFiles\simulation_unscoped_hook_negative.dir\test\unscoped_hook_negative.cpp.obj

  FAILED:
  engine/domain/simulation/system/CMakeFiles/simulation_unscoped_hook_negative.dir/test/unscoped_hook_negative.cpp.obj

  
  D:\Development\Mircosoft\VisualStudio\VC\Tools\MSVC\14.44.35207\bin\Hostx64\x64\cl.exe
  /nologo /TP -DENTT_NO_ETO
  -IE:\SyncForder\CodeRepos\build\RelWithDebInfo\script-native-lua-na1\local-source\engine\domain\simulation\system\include
  -IE:\SyncForder\CodeRepos\build\RelWithDebInfo\o\w\d\gen\include
  -IE:\SyncForder\CodeRepos\build\RelWithDebInfo\script-native-lua-na1\local-source\engine\domain\simulation\description\include
  -IE:\SyncForder\CodeRepos\build\RelWithDebInfo\script-native-lua-na1\local-source\modules\core\semantic\include
  -IE:\SyncForder\CodeRepos\build\RelWithDebInfo\script-native-lua-na1\local-source\modules\function\script\core\include
  -IE:\SyncForder\CodeRepos\build\RelWithDebInfo\script-native-lua-na1\local-source\engine\domain\system\identity\include
  -IE:\SyncForder\CodeRepos\build\RelWithDebInfo\script-native-lua-na1\local-source\engine\domain\system\description\include
  -IE:\SyncForder\CodeRepos\build\RelWithDebInfo\script-native-lua-na1\local-source\modules\core\serialization\include
  -IE:\SyncForder\CodeRepos\build\RelWithDebInfo\script-native-lua-na1\local-source\modules\core\type_info\include
  -IE:\SyncForder\CodeRepos\build\RelWithDebInfo\script-native-lua-na1\local-source\engine\domain\simulation\ecs\core\include
  -IE:\SyncForder\CodeRepos\build\RelWithDebInfo\script-native-lua-na1\local-source\engine\domain\simulation\ecs\core\sinclude
  -external:IE:\SyncForder\CodeRepos\install\q2\c\include
  -external:ID:\Development\vcpkg\installed\x64-windows\include\eigen3
  -external:ID:\Development\vcpkg\installed\x64-windows\include
  -external:ID:\Development\vcpkg\installed\x64-windows\include\stduuid
  -external:W0 /DWIN32 /D_WINDOWS /EHsc /Zi /O2 /Ob1 /DNDEBUG -std:c++20 -MD
  /utf-8 /showIncludes
  /Foengine\domain\simulation\system\CMakeFiles\simulation_unscoped_hook_negative.dir\test\unscoped_hook_negative.cpp.obj
  /Fdengine\domain\simulation\system\CMakeFiles\simulation_unscoped_hook_negative.dir\
  /FS -c
  E:\SyncForder\CodeRepos\build\RelWithDebInfo\script-native-lua-na1\local-source\engine\domain\simulation\system\test\unscoped_hook_negative.cpp

  
  E:\SyncForder\CodeRepos\install\q2\c\include\lux/cxx/container/SlotMap.hpp(28):
  fatal error C1083: Cannot open include file: 'vector': No such file or
  directory

  ninja: build stopped: subcommand failed.





</system-out>
	</testcase>
	<testcase name="simulation_object_boundary_test" classname="simulation_object_boundary_test" time="0.0185752" status="run">
		<properties/>
		<system-out></system-out>
	</testcase>
	<testcase name="simulation_script_coroutine_alignment_contract_test" classname="simulation_script_coroutine_alignment_contract_test" time="0.0086332" status="run">
		<properties/>
		<system-out>size_only=1 aligned_overload=0 bytes=240 local_mod64=0 stable_address=1
</system-out>
	</testcase>
	<testcase name="simulation_script_class_storage_test" classname="simulation_script_class_storage_test" time="0.0074577" status="run">
		<properties/>
		<system-out>STORAGE_TICKET,observe=0,owner=1,generation=1,allocation_checks=1,exhaustion=1,ticket=24
STORAGE_TICKET,observe=1,owner=1,generation=1,allocation_checks=1,exhaustion=1,ticket=24
</system-out>
	</testcase>
	<testcase name="simulation_script_class_storage_move_test" classname="simulation_script_class_storage_move_test" time="0.0090025" status="run">
		<properties/>
		<system-out>requests=0 arena_deletes=1 expected=1
</system-out>
	</testcase>
	<testcase name="simulation_script_class_storage_failure_1_test" classname="simulation_script_class_storage_failure_1_test" time="0.007446" status="run">
		<properties/>
		<system-out>requests=1 arena_deletes=0 expected=0
</system-out>
	</testcase>
	<testcase name="simulation_script_class_storage_failure_2_test" classname="simulation_script_class_storage_failure_2_test" time="0.0065848" status="run">
		<properties/>
		<system-out>requests=2 arena_deletes=1 expected=1
</system-out>
	</testcase>
	<testcase name="simulation_script_class_storage_failure_3_test" classname="simulation_script_class_storage_failure_3_test" time="0.0080556" status="run">
		<properties/>
		<system-out>requests=3 arena_deletes=1 expected=1
</system-out>
	</testcase>
	<testcase name="simulation_script_class_storage_failure_4_test" classname="simulation_script_class_storage_failure_4_test" time="0.0067411" status="run">
		<properties/>
		<system-out>requests=4 arena_deletes=1 expected=1
</system-out>
	</testcase>
	<testcase name="simulation_script_cpp_prepared_shape_test" classname="simulation_script_cpp_prepared_shape_test" time="0.0251741" status="run">
		<properties/>
		<system-out>prepared=10000 rare_arity=0 bytes=320000 generated_calls=10012
prepared=10000 rare_arity=64 bytes=320000 generated_calls=10001
</system-out>
	</testcase>
	<testcase name="simulation_script_cpp_static_test" classname="simulation_script_cpp_static_test" time="0.0091012" status="run">
		<properties/>
		<system-out></system-out>
	</testcase>
	<testcase name="simulation_script_cpp_generated_integration_test" classname="simulation_script_cpp_generated_integration_test" time="0.114605" status="run">
		<properties/>
		<system-out>generated attach -&gt; two objects -&gt; caller Hook -&gt; coroutine -&gt; rematerialize -&gt; EndPlay: PASS
</system-out>
	</testcase>
	<testcase name="simulation_script_cpp_generated_host-failure" classname="simulation_script_cpp_generated_host-failure" time="0.0122215" status="run">
		<properties/>
		<system-out></system-out>
	</testcase>
	<testcase name="simulation_script_cpp_generated_construct-failure" classname="simulation_script_cpp_generated_construct-failure" time="0.0116066" status="run">
		<properties/>
		<system-out></system-out>
	</testcase>
	<testcase name="simulation_script_cpp_generated_prepare-failure" classname="simulation_script_cpp_generated_prepare-failure" time="0.0133861" status="run">
		<properties/>
		<system-out></system-out>
	</testcase>
	<testcase name="simulation_script_cpp_codegen_negative_1" classname="simulation_script_cpp_codegen_negative_1" time="0.268148" status="fail">
		<failure message="Failed"/>
		<properties/>
		<system-out>CMake Error at E:/SyncForder/CodeRepos/build/RelWithDebInfo/script-native-lua-na1/local-source/cmake/ExpectTargetCompileFailure.cmake:19 (message):
  Target 'simulation_script_cpp_codegen_negative_1' failed, but not for the
  expected reason ('const-reference must be trivial').

  [0/2] Re-checking globbed directories...

  [1/2] Building CXX object
  engine\domain\simulation\scripting\cpp_static\CMakeFiles\simulation_script_cpp_codegen_negative_1.dir\6d68651202303f95f9788573c5a81b70\InvalidGeneratedScript.InvalidBehavior.script.generated.cpp.obj

  FAILED:
  engine/domain/simulation/scripting/cpp_static/CMakeFiles/simulation_script_cpp_codegen_negative_1.dir/6d68651202303f95f9788573c5a81b70/InvalidGeneratedScript.InvalidBehavior.script.generated.cpp.obj

  
  D:\Development\Mircosoft\VisualStudio\VC\Tools\MSVC\14.44.35207\bin\Hostx64\x64\cl.exe
  /nologo /TP -DCPP_INVALID_CASE=1 -DENTT_NO_ETO
  -IE:\SyncForder\CodeRepos\build\RelWithDebInfo\script-native-lua-na1\local-source\engine\domain\simulation\scripting\cpp_static\test
  -IE:\SyncForder\CodeRepos\build\RelWithDebInfo\o\w\d\engine\domain\simulation\scripting\cpp_static\lux_codegen\validation
  -IE:\SyncForder\CodeRepos\build\RelWithDebInfo\o\w\d\engine\domain\simulation\scripting\cpp_static\generated\simulation_script_cpp_codegen_negative_1\cpp_scripts\InvalidBehavior
  -IE:\SyncForder\CodeRepos\build\RelWithDebInfo\script-native-lua-na1\local-source\engine\domain\simulation\scripting\cpp_static\include
  -IE:\SyncForder\CodeRepos\build\RelWithDebInfo\o\w\d\gen\include
  -IE:\SyncForder\CodeRepos\build\RelWithDebInfo\script-native-lua-na1\local-source\engine\domain\simulation\builtin\script\include
  -IE:\SyncForder\CodeRepos\build\RelWithDebInfo\o\w\d\engine\domain\simulation\builtin\script\generated\simulation_script\script_abilities
  -IE:\SyncForder\CodeRepos\build\RelWithDebInfo\script-native-lua-na1\local-source\engine\domain\simulation\description\include
  -IE:\SyncForder\CodeRepos\build\RelWithDebInfo\script-native-lua-na1\local-source\modules\core\semantic\include
  -IE:\SyncForder\CodeRepos\build\RelWithDebInfo\script-native-lua-na1\local-source\modules\function\script\core\include
  -IE:\SyncForder\CodeRepos\build\RelWithDebInfo\script-native-lua-na1\local-source\engine\domain\system\identity\include
  -IE:\SyncForder\CodeRepos\build\RelWithDebInfo\script-native-lua-na1\local-source\engine\domain\system\description\include
  -IE:\SyncForder\CodeRepos\build\RelWithDebInfo\script-native-lua-na1\local-source\engine\domain\simulation\system\include
  -IE:\SyncForder\CodeRepos\build\RelWithDebInfo\script-native-lua-na1\local-source\modules\core\serialization\include
  -IE:\SyncForder\CodeRepos\build\RelWithDebInfo\script-native-lua-na1\local-source\modules\core\type_info\include
  -IE:\SyncForder\CodeRepos\build\RelWithDebInfo\script-native-lua-na1\local-source\engine\domain\simulation\ecs\core\include
  -IE:\SyncForder\CodeRepos\build\RelWithDebInfo\script-native-lua-na1\local-source\engine\domain\simulation\ecs\core\sinclude
  -IE:\SyncForder\CodeRepos\build\RelWithDebInfo\script-native-lua-na1\local-source\engine\domain\simulation\scripting\core\include
  -IE:\SyncForder\CodeRepos\build\RelWithDebInfo\script-native-lua-na1\local-source\engine\domain\simulation\scripting\core\sinclude
  -IE:\SyncForder\CodeRepos\build\RelWithDebInfo\script-native-lua-na1\local-source\modules\resource\identity\include
  -IE:\SyncForder\CodeRepos\build\RelWithDebInfo\script-native-lua-na1\local-source\modules\function\script\artifact\include
  -IE:\SyncForder\CodeRepos\build\RelWithDebInfo\script-native-lua-na1\local-source\modules\resource\asset\include
  -IE:\SyncForder\CodeRepos\build\RelWithDebInfo\script-native-lua-na1\local-source\modules\resource\asset\sinclude
  -IE:\SyncForder\CodeRepos\build\RelWithDebInfo\script-native-lua-na1\local-source\modules\resource\description\include
  -IE:\SyncForder\CodeRepos\build\RelWithDebInfo\script-native-lua-na1\local-source\modules\core\math\include
  -external:IE:\SyncForder\CodeRepos\install\q2\c\include
  -external:ID:\Development\vcpkg\installed\x64-windows\include\eigen3
  -external:ID:\Development\vcpkg\installed\x64-windows\include
  -external:ID:\Development\vcpkg\installed\x64-windows\include\stduuid
  -external:W0 /DWIN32 /D_WINDOWS /EHsc /Zi /O2 /Ob1 /DNDEBUG -std:c++20 -MD
  /utf-8 /showIncludes
  /Foengine\domain\simulation\scripting\cpp_static\CMakeFiles\simulation_script_cpp_codegen_negative_1.dir\6d68651202303f95f9788573c5a81b70\InvalidGeneratedScript.InvalidBehavior.script.generated.cpp.obj
  /Fdengine\domain\simulation\scripting\cpp_static\CMakeFiles\simulation_script_cpp_codegen_negative_1.dir\
  /FS -c
  E:\SyncForder\CodeRepos\build\RelWithDebInfo\o\w\d\engine\domain\simulation\scripting\cpp_static\generated\simulation_script_cpp_codegen_negative_1\cpp_scripts\InvalidBehavior\InvalidGeneratedScript.InvalidBehavior.script.generated.cpp

  
  E:\SyncForder\CodeRepos\build\RelWithDebInfo\script-native-lua-na1\local-source\modules\function\script\core\include\lux/engine/function/script/abi/lux_script_abi.h(17):
  fatal error C1083: Cannot open include file: 'stdint.h': No such file or
  directory

  ninja: build stopped: subcommand failed.





</system-out>
	</testcase>
	<testcase name="simulation_script_cpp_codegen_negative_2" classname="simulation_script_cpp_codegen_negative_2" time="0.261112" status="fail">
		<failure message="Failed"/>
		<properties/>
		<system-out>CMake Error at E:/SyncForder/CodeRepos/build/RelWithDebInfo/script-native-lua-na1/local-source/cmake/ExpectTargetCompileFailure.cmake:19 (message):
  Target 'simulation_script_cpp_codegen_negative_2' failed, but not for the
  expected reason ('Unsupported CppStatic').

  [0/2] Re-checking globbed directories...

  [1/2] Building CXX object
  engine\domain\simulation\scripting\cpp_static\CMakeFiles\simulation_script_cpp_codegen_negative_2.dir\24280eeac4d45ac6adc1f4c14d29a317\InvalidGeneratedScript.InvalidBehavior.script.generated.cpp.obj

  FAILED:
  engine/domain/simulation/scripting/cpp_static/CMakeFiles/simulation_script_cpp_codegen_negative_2.dir/24280eeac4d45ac6adc1f4c14d29a317/InvalidGeneratedScript.InvalidBehavior.script.generated.cpp.obj

  
  D:\Development\Mircosoft\VisualStudio\VC\Tools\MSVC\14.44.35207\bin\Hostx64\x64\cl.exe
  /nologo /TP -DCPP_INVALID_CASE=2 -DENTT_NO_ETO
  -IE:\SyncForder\CodeRepos\build\RelWithDebInfo\script-native-lua-na1\local-source\engine\domain\simulation\scripting\cpp_static\test
  -IE:\SyncForder\CodeRepos\build\RelWithDebInfo\o\w\d\engine\domain\simulation\scripting\cpp_static\lux_codegen\validation
  -IE:\SyncForder\CodeRepos\build\RelWithDebInfo\o\w\d\engine\domain\simulation\scripting\cpp_static\generated\simulation_script_cpp_codegen_negative_2\cpp_scripts\InvalidBehavior
  -IE:\SyncForder\CodeRepos\build\RelWithDebInfo\script-native-lua-na1\local-source\engine\domain\simulation\scripting\cpp_static\include
  -IE:\SyncForder\CodeRepos\build\RelWithDebInfo\o\w\d\gen\include
  -IE:\SyncForder\CodeRepos\build\RelWithDebInfo\script-native-lua-na1\local-source\engine\domain\simulation\builtin\script\include
  -IE:\SyncForder\CodeRepos\build\RelWithDebInfo\o\w\d\engine\domain\simulation\builtin\script\generated\simulation_script\script_abilities
  -IE:\SyncForder\CodeRepos\build\RelWithDebInfo\script-native-lua-na1\local-source\engine\domain\simulation\description\include
  -IE:\SyncForder\CodeRepos\build\RelWithDebInfo\script-native-lua-na1\local-source\modules\core\semantic\include
  -IE:\SyncForder\CodeRepos\build\RelWithDebInfo\script-native-lua-na1\local-source\modules\function\script\core\include
  -IE:\SyncForder\CodeRepos\build\RelWithDebInfo\script-native-lua-na1\local-source\engine\domain\system\identity\include
  -IE:\SyncForder\CodeRepos\build\RelWithDebInfo\script-native-lua-na1\local-source\engine\domain\system\description\include
  -IE:\SyncForder\CodeRepos\build\RelWithDebInfo\script-native-lua-na1\local-source\engine\domain\simulation\system\include
  -IE:\SyncForder\CodeRepos\build\RelWithDebInfo\script-native-lua-na1\local-source\modules\core\serialization\include
  -IE:\SyncForder\CodeRepos\build\RelWithDebInfo\script-native-lua-na1\local-source\modules\core\type_info\include
  -IE:\SyncForder\CodeRepos\build\RelWithDebInfo\script-native-lua-na1\local-source\engine\domain\simulation\ecs\core\include
  -IE:\SyncForder\CodeRepos\build\RelWithDebInfo\script-native-lua-na1\local-source\engine\domain\simulation\ecs\core\sinclude
  -IE:\SyncForder\CodeRepos\build\RelWithDebInfo\script-native-lua-na1\local-source\engine\domain\simulation\scripting\core\include
  -IE:\SyncForder\CodeRepos\build\RelWithDebInfo\script-native-lua-na1\local-source\engine\domain\simulation\scripting\core\sinclude
  -IE:\SyncForder\CodeRepos\build\RelWithDebInfo\script-native-lua-na1\local-source\modules\resource\identity\include
  -IE:\SyncForder\CodeRepos\build\RelWithDebInfo\script-native-lua-na1\local-source\modules\function\script\artifact\include
  -IE:\SyncForder\CodeRepos\build\RelWithDebInfo\script-native-lua-na1\local-source\modules\resource\asset\include
  -IE:\SyncForder\CodeRepos\build\RelWithDebInfo\script-native-lua-na1\local-source\modules\resource\asset\sinclude
  -IE:\SyncForder\CodeRepos\build\RelWithDebInfo\script-native-lua-na1\local-source\modules\resource\description\include
  -IE:\SyncForder\CodeRepos\build\RelWithDebInfo\script-native-lua-na1\local-source\modules\core\math\include
  -external:IE:\SyncForder\CodeRepos\install\q2\c\include
  -external:ID:\Development\vcpkg\installed\x64-windows\include\eigen3
  -external:ID:\Development\vcpkg\installed\x64-windows\include
  -external:ID:\Development\vcpkg\installed\x64-windows\include\stduuid
  -external:W0 /DWIN32 /D_WINDOWS /EHsc /Zi /O2 /Ob1 /DNDEBUG -std:c++20 -MD
  /utf-8 /showIncludes
  /Foengine\domain\simulation\scripting\cpp_static\CMakeFiles\simulation_script_cpp_codegen_negative_2.dir\24280eeac4d45ac6adc1f4c14d29a317\InvalidGeneratedScript.InvalidBehavior.script.generated.cpp.obj
  /Fdengine\domain\simulation\scripting\cpp_static\CMakeFiles\simulation_script_cpp_codegen_negative_2.dir\
  /FS -c
  E:\SyncForder\CodeRepos\build\RelWithDebInfo\o\w\d\engine\domain\simulation\scripting\cpp_static\generated\simulation_script_cpp_codegen_negative_2\cpp_scripts\InvalidBehavior\InvalidGeneratedScript.InvalidBehavior.script.generated.cpp

  
  E:\SyncForder\CodeRepos\build\RelWithDebInfo\script-native-lua-na1\local-source\modules\function\script\core\include\lux/engine/function/script/abi/lux_script_abi.h(17):
  fatal error C1083: Cannot open include file: 'stdint.h': No such file or
  directory

  ninja: build stopped: subcommand failed.





</system-out>
	</testcase>
	<testcase name="simulation_script_cpp_codegen_negative_3" classname="simulation_script_cpp_codegen_negative_3" time="0.262202" status="fail">
		<failure message="Failed"/>
		<properties/>
		<system-out>CMake Error at E:/SyncForder/CodeRepos/build/RelWithDebInfo/script-native-lua-na1/local-source/cmake/ExpectTargetCompileFailure.cmake:19 (message):
  Target 'simulation_script_cpp_codegen_negative_3' failed, but not for the
  expected reason ('Unsupported CppStatic').

  [0/2] Re-checking globbed directories...

  [1/2] Building CXX object
  engine\domain\simulation\scripting\cpp_static\CMakeFiles\simulation_script_cpp_codegen_negative_3.dir\163dd07f7a3399833c2ff6edf2dc8834\InvalidGeneratedScript.InvalidBehavior.script.generated.cpp.obj

  FAILED:
  engine/domain/simulation/scripting/cpp_static/CMakeFiles/simulation_script_cpp_codegen_negative_3.dir/163dd07f7a3399833c2ff6edf2dc8834/InvalidGeneratedScript.InvalidBehavior.script.generated.cpp.obj

  
  D:\Development\Mircosoft\VisualStudio\VC\Tools\MSVC\14.44.35207\bin\Hostx64\x64\cl.exe
  /nologo /TP -DCPP_INVALID_CASE=3 -DENTT_NO_ETO
  -IE:\SyncForder\CodeRepos\build\RelWithDebInfo\script-native-lua-na1\local-source\engine\domain\simulation\scripting\cpp_static\test
  -IE:\SyncForder\CodeRepos\build\RelWithDebInfo\o\w\d\engine\domain\simulation\scripting\cpp_static\lux_codegen\validation
  -IE:\SyncForder\CodeRepos\build\RelWithDebInfo\o\w\d\engine\domain\simulation\scripting\cpp_static\generated\simulation_script_cpp_codegen_negative_3\cpp_scripts\InvalidBehavior
  -IE:\SyncForder\CodeRepos\build\RelWithDebInfo\script-native-lua-na1\local-source\engine\domain\simulation\scripting\cpp_static\include
  -IE:\SyncForder\CodeRepos\build\RelWithDebInfo\o\w\d\gen\include
  -IE:\SyncForder\CodeRepos\build\RelWithDebInfo\script-native-lua-na1\local-source\engine\domain\simulation\builtin\script\include
  -IE:\SyncForder\CodeRepos\build\RelWithDebInfo\o\w\d\engine\domain\simulation\builtin\script\generated\simulation_script\script_abilities
  -IE:\SyncForder\CodeRepos\build\RelWithDebInfo\script-native-lua-na1\local-source\engine\domain\simulation\description\include
  -IE:\SyncForder\CodeRepos\build\RelWithDebInfo\script-native-lua-na1\local-source\modules\core\semantic\include
  -IE:\SyncForder\CodeRepos\build\RelWithDebInfo\script-native-lua-na1\local-source\modules\function\script\core\include
  -IE:\SyncForder\CodeRepos\build\RelWithDebInfo\script-native-lua-na1\local-source\engine\domain\system\identity\include
  -IE:\SyncForder\CodeRepos\build\RelWithDebInfo\script-native-lua-na1\local-source\engine\domain\system\description\include
  -IE:\SyncForder\CodeRepos\build\RelWithDebInfo\script-native-lua-na1\local-source\engine\domain\simulation\system\include
  -IE:\SyncForder\CodeRepos\build\RelWithDebInfo\script-native-lua-na1\local-source\modules\core\serialization\include
  -IE:\SyncForder\CodeRepos\build\RelWithDebInfo\script-native-lua-na1\local-source\modules\core\type_info\include
  -IE:\SyncForder\CodeRepos\build\RelWithDebInfo\script-native-lua-na1\local-source\engine\domain\simulation\ecs\core\include
  -IE:\SyncForder\CodeRepos\build\RelWithDebInfo\script-native-lua-na1\local-source\engine\domain\simulation\ecs\core\sinclude
  -IE:\SyncForder\CodeRepos\build\RelWithDebInfo\script-native-lua-na1\local-source\engine\domain\simulation\scripting\core\include
  -IE:\SyncForder\CodeRepos\build\RelWithDebInfo\script-native-lua-na1\local-source\engine\domain\simulation\scripting\core\sinclude
  -IE:\SyncForder\CodeRepos\build\RelWithDebInfo\script-native-lua-na1\local-source\modules\resource\identity\include
  -IE:\SyncForder\CodeRepos\build\RelWithDebInfo\script-native-lua-na1\local-source\modules\function\script\artifact\include
  -IE:\SyncForder\CodeRepos\build\RelWithDebInfo\script-native-lua-na1\local-source\modules\resource\asset\include
  -IE:\SyncForder\CodeRepos\build\RelWithDebInfo\script-native-lua-na1\local-source\modules\resource\asset\sinclude
  -IE:\SyncForder\CodeRepos\build\RelWithDebInfo\script-native-lua-na1\local-source\modules\resource\description\include
  -IE:\SyncForder\CodeRepos\build\RelWithDebInfo\script-native-lua-na1\local-source\modules\core\math\include
  -external:IE:\SyncForder\CodeRepos\install\q2\c\include
  -external:ID:\Development\vcpkg\installed\x64-windows\include\eigen3
  -external:ID:\Development\vcpkg\installed\x64-windows\include
  -external:ID:\Development\vcpkg\installed\x64-windows\include\stduuid
  -external:W0 /DWIN32 /D_WINDOWS /EHsc /Zi /O2 /Ob1 /DNDEBUG -std:c++20 -MD
  /utf-8 /showIncludes
  /Foengine\domain\simulation\scripting\cpp_static\CMakeFiles\simulation_script_cpp_codegen_negative_3.dir\163dd07f7a3399833c2ff6edf2dc8834\InvalidGeneratedScript.InvalidBehavior.script.generated.cpp.obj
  /Fdengine\domain\simulation\scripting\cpp_static\CMakeFiles\simulation_script_cpp_codegen_negative_3.dir\
  /FS -c
  E:\SyncForder\CodeRepos\build\RelWithDebInfo\o\w\d\engine\domain\simulation\scripting\cpp_static\generated\simulation_script_cpp_codegen_negative_3\cpp_scripts\InvalidBehavior\InvalidGeneratedScript.InvalidBehavior.script.generated.cpp

  
  E:\SyncForder\CodeRepos\build\RelWithDebInfo\script-native-lua-na1\local-source\modules\function\script\core\include\lux/engine/function/script/abi/lux_script_abi.h(17):
  fatal error C1083: Cannot open include file: 'stdint.h': No such file or
  directory

  ninja: build stopped: subcommand failed.





</system-out>
	</testcase>
	<testcase name="simulation_script_cpp_codegen_negative_4" classname="simulation_script_cpp_codegen_negative_4" time="0.267373" status="fail">
		<failure message="Failed"/>
		<properties/>
		<system-out>CMake Error at E:/SyncForder/CodeRepos/build/RelWithDebInfo/script-native-lua-na1/local-source/cmake/ExpectTargetCompileFailure.cmake:19 (message):
  Target 'simulation_script_cpp_codegen_negative_4' failed, but not for the
  expected reason ('static_cast').

  [0/2] Re-checking globbed directories...

  [1/2] Building CXX object
  engine\domain\simulation\scripting\cpp_static\CMakeFiles\simulation_script_cpp_codegen_negative_4.dir\524c3a4b794e382c2840ededf4a3fec9\InvalidGeneratedScript.InvalidBehavior.script.generated.cpp.obj

  FAILED:
  engine/domain/simulation/scripting/cpp_static/CMakeFiles/simulation_script_cpp_codegen_negative_4.dir/524c3a4b794e382c2840ededf4a3fec9/InvalidGeneratedScript.InvalidBehavior.script.generated.cpp.obj

  
  D:\Development\Mircosoft\VisualStudio\VC\Tools\MSVC\14.44.35207\bin\Hostx64\x64\cl.exe
  /nologo /TP -DCPP_INVALID_CASE=4 -DENTT_NO_ETO
  -IE:\SyncForder\CodeRepos\build\RelWithDebInfo\script-native-lua-na1\local-source\engine\domain\simulation\scripting\cpp_static\test
  -IE:\SyncForder\CodeRepos\build\RelWithDebInfo\o\w\d\engine\domain\simulation\scripting\cpp_static\lux_codegen\validation
  -IE:\SyncForder\CodeRepos\build\RelWithDebInfo\o\w\d\engine\domain\simulation\scripting\cpp_static\generated\simulation_script_cpp_codegen_negative_4\cpp_scripts\InvalidBehavior
  -IE:\SyncForder\CodeRepos\build\RelWithDebInfo\script-native-lua-na1\local-source\engine\domain\simulation\scripting\cpp_static\include
  -IE:\SyncForder\CodeRepos\build\RelWithDebInfo\o\w\d\gen\include
  -IE:\SyncForder\CodeRepos\build\RelWithDebInfo\script-native-lua-na1\local-source\engine\domain\simulation\builtin\script\include
  -IE:\SyncForder\CodeRepos\build\RelWithDebInfo\o\w\d\engine\domain\simulation\builtin\script\generated\simulation_script\script_abilities
  -IE:\SyncForder\CodeRepos\build\RelWithDebInfo\script-native-lua-na1\local-source\engine\domain\simulation\description\include
  -IE:\SyncForder\CodeRepos\build\RelWithDebInfo\script-native-lua-na1\local-source\modules\core\semantic\include
  -IE:\SyncForder\CodeRepos\build\RelWithDebInfo\script-native-lua-na1\local-source\modules\function\script\core\include
  -IE:\SyncForder\CodeRepos\build\RelWithDebInfo\script-native-lua-na1\local-source\engine\domain\system\identity\include
  -IE:\SyncForder\CodeRepos\build\RelWithDebInfo\script-native-lua-na1\local-source\engine\domain\system\description\include
  -IE:\SyncForder\CodeRepos\build\RelWithDebInfo\script-native-lua-na1\local-source\engine\domain\simulation\system\include
  -IE:\SyncForder\CodeRepos\build\RelWithDebInfo\script-native-lua-na1\local-source\modules\core\serialization\include
  -IE:\SyncForder\CodeRepos\build\RelWithDebInfo\script-native-lua-na1\local-source\modules\core\type_info\include
  -IE:\SyncForder\CodeRepos\build\RelWithDebInfo\script-native-lua-na1\local-source\engine\domain\simulation\ecs\core\include
  -IE:\SyncForder\CodeRepos\build\RelWithDebInfo\script-native-lua-na1\local-source\engine\domain\simulation\ecs\core\sinclude
  -IE:\SyncForder\CodeRepos\build\RelWithDebInfo\script-native-lua-na1\local-source\engine\domain\simulation\scripting\core\include
  -IE:\SyncForder\CodeRepos\build\RelWithDebInfo\script-native-lua-na1\local-source\engine\domain\simulation\scripting\core\sinclude
  -IE:\SyncForder\CodeRepos\build\RelWithDebInfo\script-native-lua-na1\local-source\modules\resource\identity\include
  -IE:\SyncForder\CodeRepos\build\RelWithDebInfo\script-native-lua-na1\local-source\modules\function\script\artifact\include
  -IE:\SyncForder\CodeRepos\build\RelWithDebInfo\script-native-lua-na1\local-source\modules\resource\asset\include
  -IE:\SyncForder\CodeRepos\build\RelWithDebInfo\script-native-lua-na1\local-source\modules\resource\asset\sinclude
  -IE:\SyncForder\CodeRepos\build\RelWithDebInfo\script-native-lua-na1\local-source\modules\resource\description\include
  -IE:\SyncForder\CodeRepos\build\RelWithDebInfo\script-native-lua-na1\local-source\modules\core\math\include
  -external:IE:\SyncForder\CodeRepos\install\q2\c\include
  -external:ID:\Development\vcpkg\installed\x64-windows\include\eigen3
  -external:ID:\Development\vcpkg\installed\x64-windows\include
  -external:ID:\Development\vcpkg\installed\x64-windows\include\stduuid
  -external:W0 /DWIN32 /D_WINDOWS /EHsc /Zi /O2 /Ob1 /DNDEBUG -std:c++20 -MD
  /utf-8 /showIncludes
  /Foengine\domain\simulation\scripting\cpp_static\CMakeFiles\simulation_script_cpp_codegen_negative_4.dir\524c3a4b794e382c2840ededf4a3fec9\InvalidGeneratedScript.InvalidBehavior.script.generated.cpp.obj
  /Fdengine\domain\simulation\scripting\cpp_static\CMakeFiles\simulation_script_cpp_codegen_negative_4.dir\
  /FS -c
  E:\SyncForder\CodeRepos\build\RelWithDebInfo\o\w\d\engine\domain\simulation\scripting\cpp_static\generated\simulation_script_cpp_codegen_negative_4\cpp_scripts\InvalidBehavior\InvalidGeneratedScript.InvalidBehavior.script.generated.cpp

  
  E:\SyncForder\CodeRepos\build\RelWithDebInfo\script-native-lua-na1\local-source\modules\function\script\core\include\lux/engine/function/script/abi/lux_script_abi.h(17):
  fatal error C1083: Cannot open include file: 'stdint.h': No such file or
  directory

  ninja: build stopped: subcommand failed.





</system-out>
	</testcase>
	<testcase name="simulation_script_cpp_codegen_negative_5" classname="simulation_script_cpp_codegen_negative_5" time="0.297492" status="fail">
		<failure message="Failed"/>
		<properties/>
		<system-out>CMake Error at E:/SyncForder/CodeRepos/build/RelWithDebInfo/script-native-lua-na1/local-source/cmake/ExpectTargetCompileFailure.cmake:19 (message):
  Target 'simulation_script_cpp_codegen_negative_5' failed, but not for the
  expected reason ('Invalid Script export').

  [0/2] Re-checking globbed directories...

  [1/4] [lux_target_add_codegen]
  simulation_script_cpp_codegen_negative_5_cpp_script_aa88a900e4bf785d: parse
  once, render 4 projection(s)

  FAILED:
  engine/domain/simulation/scripting/cpp_static/generated/simulation_script_cpp_codegen_negative_5/cpp_scripts/InvalidBehavior/InvalidGeneratedScript.InvalidBehavior.script.generated.hpp
  engine/domain/simulation/scripting/cpp_static/generated/simulation_script_cpp_codegen_negative_5/cpp_scripts/InvalidBehavior/InvalidGeneratedScript.InvalidBehavior.script.generated.cpp
  engine/domain/simulation/scripting/cpp_static/generated/simulation_script_cpp_codegen_negative_5/cpp_scripts/InvalidBehavior/InvalidGeneratedScript.InvalidBehavior.bindings.json
  E:/SyncForder/CodeRepos/build/RelWithDebInfo/o/w/d/engine/domain/simulation/scripting/cpp_static/generated/simulation_script_cpp_codegen_negative_5/cpp_scripts/InvalidBehavior/InvalidGeneratedScript.InvalidBehavior.script.generated.hpp
  E:/SyncForder/CodeRepos/build/RelWithDebInfo/o/w/d/engine/domain/simulation/scripting/cpp_static/generated/simulation_script_cpp_codegen_negative_5/cpp_scripts/InvalidBehavior/InvalidGeneratedScript.InvalidBehavior.script.generated.cpp
  E:/SyncForder/CodeRepos/build/RelWithDebInfo/o/w/d/engine/domain/simulation/scripting/cpp_static/generated/simulation_script_cpp_codegen_negative_5/cpp_scripts/InvalidBehavior/InvalidGeneratedScript.InvalidBehavior.bindings.json

  C:\WINDOWS\system32\cmd.exe /C "cd /D
  E:\SyncForder\CodeRepos\build\RelWithDebInfo\o\w\d\engine\domain\simulation\scripting\cpp_static
  &amp;&amp; E:\SyncForder\CodeRepos\install\q2\c\bin\lux_meta_generator.exe
  E:/SyncForder/CodeRepos/build/RelWithDebInfo/o/w/d/engine/domain/simulation/scripting/cpp_static/lux_codegen/simulation_script_cpp_codegen_negative_5_cpp_script_aa88a900e4bf785d.json
  &amp;&amp; D:\Development\CMake\bin\cmake.exe -E cmake_transform_depfile Ninja
  gccdepfile
  E:/SyncForder/CodeRepos/build/RelWithDebInfo/script-native-lua-na1/local-source
  E:/SyncForder/CodeRepos/build/RelWithDebInfo/script-native-lua-na1/local-source/engine/domain/simulation/scripting/cpp_static
  E:/SyncForder/CodeRepos/build/RelWithDebInfo/o/w/d
  E:/SyncForder/CodeRepos/build/RelWithDebInfo/o/w/d/engine/domain/simulation/scripting/cpp_static
  E:/SyncForder/CodeRepos/build/RelWithDebInfo/o/w/d/engine/domain/simulation/scripting/cpp_static/lux_codegen/simulation_script_cpp_codegen_negative_5_cpp_script_aa88a900e4bf785d.d
  E:/SyncForder/CodeRepos/build/RelWithDebInfo/o/w/d/CMakeFiles/d/c137c39b0e8db1d871212184428dd98a7ea3025118e6af4e5ce95567cf68320a.d"

  ninja: build stopped: subcommand failed.





</system-out>
	</testcase>
	<testcase name="simulation_script_cpp_codegen_negative_6" classname="simulation_script_cpp_codegen_negative_6" time="0.247751" status="fail">
		<failure message="Failed"/>
		<properties/>
		<system-out>CMake Error at E:/SyncForder/CodeRepos/build/RelWithDebInfo/script-native-lua-na1/local-source/cmake/ExpectTargetCompileFailure.cmake:19 (message):
  Target 'simulation_script_cpp_codegen_negative_6' failed, but not for the
  expected reason ('Invalid Script export').

  [0/2] Re-checking globbed directories...

  [1/4] [lux_target_add_codegen]
  simulation_script_cpp_codegen_negative_6_cpp_script_2b61cb00ce2e1c23: parse
  once, render 4 projection(s)

  FAILED:
  engine/domain/simulation/scripting/cpp_static/generated/simulation_script_cpp_codegen_negative_6/cpp_scripts/InvalidBehavior/InvalidGeneratedScript.InvalidBehavior.script.generated.hpp
  engine/domain/simulation/scripting/cpp_static/generated/simulation_script_cpp_codegen_negative_6/cpp_scripts/InvalidBehavior/InvalidGeneratedScript.InvalidBehavior.script.generated.cpp
  engine/domain/simulation/scripting/cpp_static/generated/simulation_script_cpp_codegen_negative_6/cpp_scripts/InvalidBehavior/InvalidGeneratedScript.InvalidBehavior.bindings.json
  E:/SyncForder/CodeRepos/build/RelWithDebInfo/o/w/d/engine/domain/simulation/scripting/cpp_static/generated/simulation_script_cpp_codegen_negative_6/cpp_scripts/InvalidBehavior/InvalidGeneratedScript.InvalidBehavior.script.generated.hpp
  E:/SyncForder/CodeRepos/build/RelWithDebInfo/o/w/d/engine/domain/simulation/scripting/cpp_static/generated/simulation_script_cpp_codegen_negative_6/cpp_scripts/InvalidBehavior/InvalidGeneratedScript.InvalidBehavior.script.generated.cpp
  E:/SyncForder/CodeRepos/build/RelWithDebInfo/o/w/d/engine/domain/simulation/scripting/cpp_static/generated/simulation_script_cpp_codegen_negative_6/cpp_scripts/InvalidBehavior/InvalidGeneratedScript.InvalidBehavior.bindings.json

  C:\WINDOWS\system32\cmd.exe /C "cd /D
  E:\SyncForder\CodeRepos\build\RelWithDebInfo\o\w\d\engine\domain\simulation\scripting\cpp_static
  &amp;&amp; E:\SyncForder\CodeRepos\install\q2\c\bin\lux_meta_generator.exe
  E:/SyncForder/CodeRepos/build/RelWithDebInfo/o/w/d/engine/domain/simulation/scripting/cpp_static/lux_codegen/simulation_script_cpp_codegen_negative_6_cpp_script_2b61cb00ce2e1c23.json
  &amp;&amp; D:\Development\CMake\bin\cmake.exe -E cmake_transform_depfile Ninja
  gccdepfile
  E:/SyncForder/CodeRepos/build/RelWithDebInfo/script-native-lua-na1/local-source
  E:/SyncForder/CodeRepos/build/RelWithDebInfo/script-native-lua-na1/local-source/engine/domain/simulation/scripting/cpp_static
  E:/SyncForder/CodeRepos/build/RelWithDebInfo/o/w/d
  E:/SyncForder/CodeRepos/build/RelWithDebInfo/o/w/d/engine/domain/simulation/scripting/cpp_static
  E:/SyncForder/CodeRepos/build/RelWithDebInfo/o/w/d/engine/domain/simulation/scripting/cpp_static/lux_codegen/simulation_script_cpp_codegen_negative_6_cpp_script_2b61cb00ce2e1c23.d
  E:/SyncForder/CodeRepos/build/RelWithDebInfo/o/w/d/CMakeFiles/d/b54156337c9288dff2f4131c0bae67af9da9b2cba736cd031d3efd3f1523e072.d"

  ninja: build stopped: subcommand failed.





</system-out>
	</testcase>
	<testcase name="simulation_script_cpp_codegen_negative_7" classname="simulation_script_cpp_codegen_negative_7" time="0.244178" status="fail">
		<failure message="Failed"/>
		<properties/>
		<system-out>CMake Error at E:/SyncForder/CodeRepos/build/RelWithDebInfo/script-native-lua-na1/local-source/cmake/ExpectTargetCompileFailure.cmake:19 (message):
  Target 'simulation_script_cpp_codegen_negative_7' failed, but not for the
  expected reason ('Invalid Script export').

  [0/2] Re-checking globbed directories...

  [1/4] [lux_target_add_codegen]
  simulation_script_cpp_codegen_negative_7_cpp_script_043299c494c2367f: parse
  once, render 4 projection(s)

  FAILED:
  engine/domain/simulation/scripting/cpp_static/generated/simulation_script_cpp_codegen_negative_7/cpp_scripts/InvalidBehavior/InvalidGeneratedScript.InvalidBehavior.script.generated.hpp
  engine/domain/simulation/scripting/cpp_static/generated/simulation_script_cpp_codegen_negative_7/cpp_scripts/InvalidBehavior/InvalidGeneratedScript.InvalidBehavior.script.generated.cpp
  engine/domain/simulation/scripting/cpp_static/generated/simulation_script_cpp_codegen_negative_7/cpp_scripts/InvalidBehavior/InvalidGeneratedScript.InvalidBehavior.bindings.json
  E:/SyncForder/CodeRepos/build/RelWithDebInfo/o/w/d/engine/domain/simulation/scripting/cpp_static/generated/simulation_script_cpp_codegen_negative_7/cpp_scripts/InvalidBehavior/InvalidGeneratedScript.InvalidBehavior.script.generated.hpp
  E:/SyncForder/CodeRepos/build/RelWithDebInfo/o/w/d/engine/domain/simulation/scripting/cpp_static/generated/simulation_script_cpp_codegen_negative_7/cpp_scripts/InvalidBehavior/InvalidGeneratedScript.InvalidBehavior.script.generated.cpp
  E:/SyncForder/CodeRepos/build/RelWithDebInfo/o/w/d/engine/domain/simulation/scripting/cpp_static/generated/simulation_script_cpp_codegen_negative_7/cpp_scripts/InvalidBehavior/InvalidGeneratedScript.InvalidBehavior.bindings.json

  C:\WINDOWS\system32\cmd.exe /C "cd /D
  E:\SyncForder\CodeRepos\build\RelWithDebInfo\o\w\d\engine\domain\simulation\scripting\cpp_static
  &amp;&amp; E:\SyncForder\CodeRepos\install\q2\c\bin\lux_meta_generator.exe
  E:/SyncForder/CodeRepos/build/RelWithDebInfo/o/w/d/engine/domain/simulation/scripting/cpp_static/lux_codegen/simulation_script_cpp_codegen_negative_7_cpp_script_043299c494c2367f.json
  &amp;&amp; D:\Development\CMake\bin\cmake.exe -E cmake_transform_depfile Ninja
  gccdepfile
  E:/SyncForder/CodeRepos/build/RelWithDebInfo/script-native-lua-na1/local-source
  E:/SyncForder/CodeRepos/build/RelWithDebInfo/script-native-lua-na1/local-source/engine/domain/simulation/scripting/cpp_static
  E:/SyncForder/CodeRepos/build/RelWithDebInfo/o/w/d
  E:/SyncForder/CodeRepos/build/RelWithDebInfo/o/w/d/engine/domain/simulation/scripting/cpp_static
  E:/SyncForder/CodeRepos/build/RelWithDebInfo/o/w/d/engine/domain/simulation/scripting/cpp_static/lux_codegen/simulation_script_cpp_codegen_negative_7_cpp_script_043299c494c2367f.d
  E:/SyncForder/CodeRepos/build/RelWithDebInfo/o/w/d/CMakeFiles/d/ea92f1c0c5c405a047c0f5e968cdfad0031a24f260e12534a0c7af0852d8495d.d"

  ninja: build stopped: subcommand failed.





</system-out>
	</testcase>
	<testcase name="simulation_script_cpp_codegen_negative_8" classname="simulation_script_cpp_codegen_negative_8" time="0.26515" status="fail">
		<failure message="Failed"/>
		<properties/>
		<system-out>CMake Error at E:/SyncForder/CodeRepos/build/RelWithDebInfo/script-native-lua-na1/local-source/cmake/ExpectTargetCompileFailure.cmake:19 (message):
  Target 'simulation_script_cpp_codegen_negative_8' failed, but not for the
  expected reason ('EndPlay requires the semantic reason').

  [0/2] Re-checking globbed directories...

  [1/2] Building CXX object
  engine\domain\simulation\scripting\cpp_static\CMakeFiles\simulation_script_cpp_codegen_negative_8.dir\8f1cae739a27bf698bd5f4e01f020170\InvalidGeneratedScript.InvalidBehavior.script.generated.cpp.obj

  FAILED:
  engine/domain/simulation/scripting/cpp_static/CMakeFiles/simulation_script_cpp_codegen_negative_8.dir/8f1cae739a27bf698bd5f4e01f020170/InvalidGeneratedScript.InvalidBehavior.script.generated.cpp.obj

  
  D:\Development\Mircosoft\VisualStudio\VC\Tools\MSVC\14.44.35207\bin\Hostx64\x64\cl.exe
  /nologo /TP -DCPP_INVALID_CASE=8 -DENTT_NO_ETO
  -IE:\SyncForder\CodeRepos\build\RelWithDebInfo\script-native-lua-na1\local-source\engine\domain\simulation\scripting\cpp_static\test
  -IE:\SyncForder\CodeRepos\build\RelWithDebInfo\o\w\d\engine\domain\simulation\scripting\cpp_static\lux_codegen\validation
  -IE:\SyncForder\CodeRepos\build\RelWithDebInfo\o\w\d\engine\domain\simulation\scripting\cpp_static\generated\simulation_script_cpp_codegen_negative_8\cpp_scripts\InvalidBehavior
  -IE:\SyncForder\CodeRepos\build\RelWithDebInfo\script-native-lua-na1\local-source\engine\domain\simulation\scripting\cpp_static\include
  -IE:\SyncForder\CodeRepos\build\RelWithDebInfo\o\w\d\gen\include
  -IE:\SyncForder\CodeRepos\build\RelWithDebInfo\script-native-lua-na1\local-source\engine\domain\simulation\builtin\script\include
  -IE:\SyncForder\CodeRepos\build\RelWithDebInfo\o\w\d\engine\domain\simulation\builtin\script\generated\simulation_script\script_abilities
  -IE:\SyncForder\CodeRepos\build\RelWithDebInfo\script-native-lua-na1\local-source\engine\domain\simulation\description\include
  -IE:\SyncForder\CodeRepos\build\RelWithDebInfo\script-native-lua-na1\local-source\modules\core\semantic\include
  -IE:\SyncForder\CodeRepos\build\RelWithDebInfo\script-native-lua-na1\local-source\modules\function\script\core\include
  -IE:\SyncForder\CodeRepos\build\RelWithDebInfo\script-native-lua-na1\local-source\engine\domain\system\identity\include
  -IE:\SyncForder\CodeRepos\build\RelWithDebInfo\script-native-lua-na1\local-source\engine\domain\system\description\include
  -IE:\SyncForder\CodeRepos\build\RelWithDebInfo\script-native-lua-na1\local-source\engine\domain\simulation\system\include
  -IE:\SyncForder\CodeRepos\build\RelWithDebInfo\script-native-lua-na1\local-source\modules\core\serialization\include
  -IE:\SyncForder\CodeRepos\build\RelWithDebInfo\script-native-lua-na1\local-source\modules\core\type_info\include
  -IE:\SyncForder\CodeRepos\build\RelWithDebInfo\script-native-lua-na1\local-source\engine\domain\simulation\ecs\core\include
  -IE:\SyncForder\CodeRepos\build\RelWithDebInfo\script-native-lua-na1\local-source\engine\domain\simulation\ecs\core\sinclude
  -IE:\SyncForder\CodeRepos\build\RelWithDebInfo\script-native-lua-na1\local-source\engine\domain\simulation\scripting\core\include
  -IE:\SyncForder\CodeRepos\build\RelWithDebInfo\script-native-lua-na1\local-source\engine\domain\simulation\scripting\core\sinclude
  -IE:\SyncForder\CodeRepos\build\RelWithDebInfo\script-native-lua-na1\local-source\modules\resource\identity\include
  -IE:\SyncForder\CodeRepos\build\RelWithDebInfo\script-native-lua-na1\local-source\modules\function\script\artifact\include
  -IE:\SyncForder\CodeRepos\build\RelWithDebInfo\script-native-lua-na1\local-source\modules\resource\asset\include
  -IE:\SyncForder\CodeRepos\build\RelWithDebInfo\script-native-lua-na1\local-source\modules\resource\asset\sinclude
  -IE:\SyncForder\CodeRepos\build\RelWithDebInfo\script-native-lua-na1\local-source\modules\resource\description\include
  -IE:\SyncForder\CodeRepos\build\RelWithDebInfo\script-native-lua-na1\local-source\modules\core\math\include
  -external:IE:\SyncForder\CodeRepos\install\q2\c\include
  -external:ID:\Development\vcpkg\installed\x64-windows\include\eigen3
  -external:ID:\Development\vcpkg\installed\x64-windows\include
  -external:ID:\Development\vcpkg\installed\x64-windows\include\stduuid
  -external:W0 /DWIN32 /D_WINDOWS /EHsc /Zi /O2 /Ob1 /DNDEBUG -std:c++20 -MD
  /utf-8 /showIncludes
  /Foengine\domain\simulation\scripting\cpp_static\CMakeFiles\simulation_script_cpp_codegen_negative_8.dir\8f1cae739a27bf698bd5f4e01f020170\InvalidGeneratedScript.InvalidBehavior.script.generated.cpp.obj
  /Fdengine\domain\simulation\scripting\cpp_static\CMakeFiles\simulation_script_cpp_codegen_negative_8.dir\
  /FS -c
  E:\SyncForder\CodeRepos\build\RelWithDebInfo\o\w\d\engine\domain\simulation\scripting\cpp_static\generated\simulation_script_cpp_codegen_negative_8\cpp_scripts\InvalidBehavior\InvalidGeneratedScript.InvalidBehavior.script.generated.cpp

  
  E:\SyncForder\CodeRepos\build\RelWithDebInfo\script-native-lua-na1\local-source\modules\function\script\core\include\lux/engine/function/script/abi/lux_script_abi.h(17):
  fatal error C1083: Cannot open include file: 'stdint.h': No such file or
  directory

  ninja: build stopped: subcommand failed.





</system-out>
	</testcase>
	<testcase name="simulation_script_cpp_codegen_negative_9" classname="simulation_script_cpp_codegen_negative_9" time="0.2678" status="fail">
		<failure message="Failed"/>
		<properties/>
		<system-out>CMake Error at E:/SyncForder/CodeRepos/build/RelWithDebInfo/script-native-lua-na1/local-source/cmake/ExpectTargetCompileFailure.cmake:19 (message):
  Target 'simulation_script_cpp_codegen_negative_9' failed, but not for the
  expected reason ('owned value').

  [0/2] Re-checking globbed directories...

  [1/2] Building CXX object
  engine\domain\simulation\scripting\cpp_static\CMakeFiles\simulation_script_cpp_codegen_negative_9.dir\faed769436e312de5283c697ee7f82b3\InvalidGeneratedScript.InvalidBehavior.script.generated.cpp.obj

  FAILED:
  engine/domain/simulation/scripting/cpp_static/CMakeFiles/simulation_script_cpp_codegen_negative_9.dir/faed769436e312de5283c697ee7f82b3/InvalidGeneratedScript.InvalidBehavior.script.generated.cpp.obj

  
  D:\Development\Mircosoft\VisualStudio\VC\Tools\MSVC\14.44.35207\bin\Hostx64\x64\cl.exe
  /nologo /TP -DCPP_INVALID_CASE=9 -DENTT_NO_ETO
  -IE:\SyncForder\CodeRepos\build\RelWithDebInfo\script-native-lua-na1\local-source\engine\domain\simulation\scripting\cpp_static\test
  -IE:\SyncForder\CodeRepos\build\RelWithDebInfo\o\w\d\engine\domain\simulation\scripting\cpp_static\lux_codegen\validation
  -IE:\SyncForder\CodeRepos\build\RelWithDebInfo\o\w\d\engine\domain\simulation\scripting\cpp_static\generated\simulation_script_cpp_codegen_negative_9\cpp_scripts\InvalidBehavior
  -IE:\SyncForder\CodeRepos\build\RelWithDebInfo\script-native-lua-na1\local-source\engine\domain\simulation\scripting\cpp_static\include
  -IE:\SyncForder\CodeRepos\build\RelWithDebInfo\o\w\d\gen\include
  -IE:\SyncForder\CodeRepos\build\RelWithDebInfo\script-native-lua-na1\local-source\engine\domain\simulation\builtin\script\include
  -IE:\SyncForder\CodeRepos\build\RelWithDebInfo\o\w\d\engine\domain\simulation\builtin\script\generated\simulation_script\script_abilities
  -IE:\SyncForder\CodeRepos\build\RelWithDebInfo\script-native-lua-na1\local-source\engine\domain\simulation\description\include
  -IE:\SyncForder\CodeRepos\build\RelWithDebInfo\script-native-lua-na1\local-source\modules\core\semantic\include
  -IE:\SyncForder\CodeRepos\build\RelWithDebInfo\script-native-lua-na1\local-source\modules\function\script\core\include
  -IE:\SyncForder\CodeRepos\build\RelWithDebInfo\script-native-lua-na1\local-source\engine\domain\system\identity\include
  -IE:\SyncForder\CodeRepos\build\RelWithDebInfo\script-native-lua-na1\local-source\engine\domain\system\description\include
  -IE:\SyncForder\CodeRepos\build\RelWithDebInfo\script-native-lua-na1\local-source\engine\domain\simulation\system\include
  -IE:\SyncForder\CodeRepos\build\RelWithDebInfo\script-native-lua-na1\local-source\modules\core\serialization\include
  -IE:\SyncForder\CodeRepos\build\RelWithDebInfo\script-native-lua-na1\local-source\modules\core\type_info\include
  -IE:\SyncForder\CodeRepos\build\RelWithDebInfo\script-native-lua-na1\local-source\engine\domain\simulation\ecs\core\include
  -IE:\SyncForder\CodeRepos\build\RelWithDebInfo\script-native-lua-na1\local-source\engine\domain\simulation\ecs\core\sinclude
  -IE:\SyncForder\CodeRepos\build\RelWithDebInfo\script-native-lua-na1\local-source\engine\domain\simulation\scripting\core\include
  -IE:\SyncForder\CodeRepos\build\RelWithDebInfo\script-native-lua-na1\local-source\engine\domain\simulation\scripting\core\sinclude
  -IE:\SyncForder\CodeRepos\build\RelWithDebInfo\script-native-lua-na1\local-source\modules\resource\identity\include
  -IE:\SyncForder\CodeRepos\build\RelWithDebInfo\script-native-lua-na1\local-source\modules\function\script\artifact\include
  -IE:\SyncForder\CodeRepos\build\RelWithDebInfo\script-native-lua-na1\local-source\modules\resource\asset\include
  -IE:\SyncForder\CodeRepos\build\RelWithDebInfo\script-native-lua-na1\local-source\modules\resource\asset\sinclude
  -IE:\SyncForder\CodeRepos\build\RelWithDebInfo\script-native-lua-na1\local-source\modules\resource\description\include
  -IE:\SyncForder\CodeRepos\build\RelWithDebInfo\script-native-lua-na1\local-source\modules\core\math\include
  -external:IE:\SyncForder\CodeRepos\install\q2\c\include
  -external:ID:\Development\vcpkg\installed\x64-windows\include\eigen3
  -external:ID:\Development\vcpkg\installed\x64-windows\include
  -external:ID:\Development\vcpkg\installed\x64-windows\include\stduuid
  -external:W0 /DWIN32 /D_WINDOWS /EHsc /Zi /O2 /Ob1 /DNDEBUG -std:c++20 -MD
  /utf-8 /showIncludes
  /Foengine\domain\simulation\scripting\cpp_static\CMakeFiles\simulation_script_cpp_codegen_negative_9.dir\faed769436e312de5283c697ee7f82b3\InvalidGeneratedScript.InvalidBehavior.script.generated.cpp.obj
  /Fdengine\domain\simulation\scripting\cpp_static\CMakeFiles\simulation_script_cpp_codegen_negative_9.dir\
  /FS -c
  E:\SyncForder\CodeRepos\build\RelWithDebInfo\o\w\d\engine\domain\simulation\scripting\cpp_static\generated\simulation_script_cpp_codegen_negative_9\cpp_scripts\InvalidBehavior\InvalidGeneratedScript.InvalidBehavior.script.generated.cpp

  
  E:\SyncForder\CodeRepos\build\RelWithDebInfo\script-native-lua-na1\local-source\modules\function\script\core\include\lux/engine/function/script/abi/lux_script_abi.h(17):
  fatal error C1083: Cannot open include file: 'stdint.h': No such file or
  directory

  ninja: build stopped: subcommand failed.





</system-out>
	</testcase>
	<testcase name="simulation_script_cpp_codegen_negative_10" classname="simulation_script_cpp_codegen_negative_10" time="0.264" status="fail">
		<failure message="Failed"/>
		<properties/>
		<system-out>CMake Error at E:/SyncForder/CodeRepos/build/RelWithDebInfo/script-native-lua-na1/local-source/cmake/ExpectTargetCompileFailure.cmake:19 (message):
  Target 'simulation_script_cpp_codegen_negative_10' failed, but not for the
  expected reason ('CppStaticCoroutineEntry').

  [0/2] Re-checking globbed directories...

  [1/2] Building CXX object
  engine\domain\simulation\scripting\cpp_static\CMakeFiles\simulation_script_cpp_codegen_negative_10.dir\621d74d47c5d6269c97b2404569e5989\InvalidGeneratedScript.InvalidBehavior.script.generated.cpp.obj

  FAILED:
  engine/domain/simulation/scripting/cpp_static/CMakeFiles/simulation_script_cpp_codegen_negative_10.dir/621d74d47c5d6269c97b2404569e5989/InvalidGeneratedScript.InvalidBehavior.script.generated.cpp.obj

  
  D:\Development\Mircosoft\VisualStudio\VC\Tools\MSVC\14.44.35207\bin\Hostx64\x64\cl.exe
  /nologo /TP -DCPP_INVALID_CASE=10 -DENTT_NO_ETO
  -IE:\SyncForder\CodeRepos\build\RelWithDebInfo\script-native-lua-na1\local-source\engine\domain\simulation\scripting\cpp_static\test
  -IE:\SyncForder\CodeRepos\build\RelWithDebInfo\o\w\d\engine\domain\simulation\scripting\cpp_static\lux_codegen\validation
  -IE:\SyncForder\CodeRepos\build\RelWithDebInfo\o\w\d\engine\domain\simulation\scripting\cpp_static\generated\simulation_script_cpp_codegen_negative_10\cpp_scripts\InvalidBehavior
  -IE:\SyncForder\CodeRepos\build\RelWithDebInfo\script-native-lua-na1\local-source\engine\domain\simulation\scripting\cpp_static\include
  -IE:\SyncForder\CodeRepos\build\RelWithDebInfo\o\w\d\gen\include
  -IE:\SyncForder\CodeRepos\build\RelWithDebInfo\script-native-lua-na1\local-source\engine\domain\simulation\builtin\script\include
  -IE:\SyncForder\CodeRepos\build\RelWithDebInfo\o\w\d\engine\domain\simulation\builtin\script\generated\simulation_script\script_abilities
  -IE:\SyncForder\CodeRepos\build\RelWithDebInfo\script-native-lua-na1\local-source\engine\domain\simulation\description\include
  -IE:\SyncForder\CodeRepos\build\RelWithDebInfo\script-native-lua-na1\local-source\modules\core\semantic\include
  -IE:\SyncForder\CodeRepos\build\RelWithDebInfo\script-native-lua-na1\local-source\modules\function\script\core\include
  -IE:\SyncForder\CodeRepos\build\RelWithDebInfo\script-native-lua-na1\local-source\engine\domain\system\identity\include
  -IE:\SyncForder\CodeRepos\build\RelWithDebInfo\script-native-lua-na1\local-source\engine\domain\system\description\include
  -IE:\SyncForder\CodeRepos\build\RelWithDebInfo\script-native-lua-na1\local-source\engine\domain\simulation\system\include
  -IE:\SyncForder\CodeRepos\build\RelWithDebInfo\script-native-lua-na1\local-source\modules\core\serialization\include
  -IE:\SyncForder\CodeRepos\build\RelWithDebInfo\script-native-lua-na1\local-source\modules\core\type_info\include
  -IE:\SyncForder\CodeRepos\build\RelWithDebInfo\script-native-lua-na1\local-source\engine\domain\simulation\ecs\core\include
  -IE:\SyncForder\CodeRepos\build\RelWithDebInfo\script-native-lua-na1\local-source\engine\domain\simulation\ecs\core\sinclude
  -IE:\SyncForder\CodeRepos\build\RelWithDebInfo\script-native-lua-na1\local-source\engine\domain\simulation\scripting\core\include
  -IE:\SyncForder\CodeRepos\build\RelWithDebInfo\script-native-lua-na1\local-source\engine\domain\simulation\scripting\core\sinclude
  -IE:\SyncForder\CodeRepos\build\RelWithDebInfo\script-native-lua-na1\local-source\modules\resource\identity\include
  -IE:\SyncForder\CodeRepos\build\RelWithDebInfo\script-native-lua-na1\local-source\modules\function\script\artifact\include
  -IE:\SyncForder\CodeRepos\build\RelWithDebInfo\script-native-lua-na1\local-source\modules\resource\asset\include
  -IE:\SyncForder\CodeRepos\build\RelWithDebInfo\script-native-lua-na1\local-source\modules\resource\asset\sinclude
  -IE:\SyncForder\CodeRepos\build\RelWithDebInfo\script-native-lua-na1\local-source\modules\resource\description\include
  -IE:\SyncForder\CodeRepos\build\RelWithDebInfo\script-native-lua-na1\local-source\modules\core\math\include
  -external:IE:\SyncForder\CodeRepos\install\q2\c\include
  -external:ID:\Development\vcpkg\installed\x64-windows\include\eigen3
  -external:ID:\Development\vcpkg\installed\x64-windows\include
  -external:ID:\Development\vcpkg\installed\x64-windows\include\stduuid
  -external:W0 /DWIN32 /D_WINDOWS /EHsc /Zi /O2 /Ob1 /DNDEBUG -std:c++20 -MD
  /utf-8 /showIncludes
  /Foengine\domain\simulation\scripting\cpp_static\CMakeFiles\simulation_script_cpp_codegen_negative_10.dir\621d74d47c5d6269c97b2404569e5989\InvalidGeneratedScript.InvalidBehavior.script.generated.cpp.obj
  /Fdengine\domain\simulation\scripting\cpp_static\CMakeFiles\simulation_script_cpp_codegen_negative_10.dir\
  /FS -c
  E:\SyncForder\CodeRepos\build\RelWithDebInfo\o\w\d\engine\domain\simulation\scripting\cpp_static\generated\simulation_script_cpp_codegen_negative_10\cpp_scripts\InvalidBehavior\InvalidGeneratedScript.InvalidBehavior.script.generated.cpp

  
  E:\SyncForder\CodeRepos\build\RelWithDebInfo\script-native-lua-na1\local-source\modules\function\script\core\include\lux/engine/function/script/abi/lux_script_abi.h(17):
  fatal error C1083: Cannot open include file: 'stdint.h': No such file or
  directory

  ninja: build stopped: subcommand failed.





</system-out>
	</testcase>
	<testcase name="simulation_script_cpp_codegen_negative_11" classname="simulation_script_cpp_codegen_negative_11" time="0.259412" status="fail">
		<failure message="Failed"/>
		<properties/>
		<system-out>CMake Error at E:/SyncForder/CodeRepos/build/RelWithDebInfo/script-native-lua-na1/local-source/cmake/ExpectTargetCompileFailure.cmake:19 (message):
  Target 'simulation_script_cpp_codegen_negative_11' failed, but not for the
  expected reason ('Unsupported CppStatic').

  [0/2] Re-checking globbed directories...

  [1/2] Building CXX object
  engine\domain\simulation\scripting\cpp_static\CMakeFiles\simulation_script_cpp_codegen_negative_11.dir\4a77c1f3fbbc4376af7c592d4d96d651\InvalidGeneratedScript.InvalidBehavior.script.generated.cpp.obj

  FAILED:
  engine/domain/simulation/scripting/cpp_static/CMakeFiles/simulation_script_cpp_codegen_negative_11.dir/4a77c1f3fbbc4376af7c592d4d96d651/InvalidGeneratedScript.InvalidBehavior.script.generated.cpp.obj

  
  D:\Development\Mircosoft\VisualStudio\VC\Tools\MSVC\14.44.35207\bin\Hostx64\x64\cl.exe
  /nologo /TP -DCPP_INVALID_CASE=11 -DENTT_NO_ETO
  -IE:\SyncForder\CodeRepos\build\RelWithDebInfo\script-native-lua-na1\local-source\engine\domain\simulation\scripting\cpp_static\test
  -IE:\SyncForder\CodeRepos\build\RelWithDebInfo\o\w\d\engine\domain\simulation\scripting\cpp_static\lux_codegen\validation
  -IE:\SyncForder\CodeRepos\build\RelWithDebInfo\o\w\d\engine\domain\simulation\scripting\cpp_static\generated\simulation_script_cpp_codegen_negative_11\cpp_scripts\InvalidBehavior
  -IE:\SyncForder\CodeRepos\build\RelWithDebInfo\script-native-lua-na1\local-source\engine\domain\simulation\scripting\cpp_static\include
  -IE:\SyncForder\CodeRepos\build\RelWithDebInfo\o\w\d\gen\include
  -IE:\SyncForder\CodeRepos\build\RelWithDebInfo\script-native-lua-na1\local-source\engine\domain\simulation\builtin\script\include
  -IE:\SyncForder\CodeRepos\build\RelWithDebInfo\o\w\d\engine\domain\simulation\builtin\script\generated\simulation_script\script_abilities
  -IE:\SyncForder\CodeRepos\build\RelWithDebInfo\script-native-lua-na1\local-source\engine\domain\simulation\description\include
  -IE:\SyncForder\CodeRepos\build\RelWithDebInfo\script-native-lua-na1\local-source\modules\core\semantic\include
  -IE:\SyncForder\CodeRepos\build\RelWithDebInfo\script-native-lua-na1\local-source\modules\function\script\core\include
  -IE:\SyncForder\CodeRepos\build\RelWithDebInfo\script-native-lua-na1\local-source\engine\domain\system\identity\include
  -IE:\SyncForder\CodeRepos\build\RelWithDebInfo\script-native-lua-na1\local-source\engine\domain\system\description\include
  -IE:\SyncForder\CodeRepos\build\RelWithDebInfo\script-native-lua-na1\local-source\engine\domain\simulation\system\include
  -IE:\SyncForder\CodeRepos\build\RelWithDebInfo\script-native-lua-na1\local-source\modules\core\serialization\include
  -IE:\SyncForder\CodeRepos\build\RelWithDebInfo\script-native-lua-na1\local-source\modules\core\type_info\include
  -IE:\SyncForder\CodeRepos\build\RelWithDebInfo\script-native-lua-na1\local-source\engine\domain\simulation\ecs\core\include
  -IE:\SyncForder\CodeRepos\build\RelWithDebInfo\script-native-lua-na1\local-source\engine\domain\simulation\ecs\core\sinclude
  -IE:\SyncForder\CodeRepos\build\RelWithDebInfo\script-native-lua-na1\local-source\engine\domain\simulation\scripting\core\include
  -IE:\SyncForder\CodeRepos\build\RelWithDebInfo\script-native-lua-na1\local-source\engine\domain\simulation\scripting\core\sinclude
  -IE:\SyncForder\CodeRepos\build\RelWithDebInfo\script-native-lua-na1\local-source\modules\resource\identity\include
  -IE:\SyncForder\CodeRepos\build\RelWithDebInfo\script-native-lua-na1\local-source\modules\function\script\artifact\include
  -IE:\SyncForder\CodeRepos\build\RelWithDebInfo\script-native-lua-na1\local-source\modules\resource\asset\include
  -IE:\SyncForder\CodeRepos\build\RelWithDebInfo\script-native-lua-na1\local-source\modules\resource\asset\sinclude
  -IE:\SyncForder\CodeRepos\build\RelWithDebInfo\script-native-lua-na1\local-source\modules\resource\description\include
  -IE:\SyncForder\CodeRepos\build\RelWithDebInfo\script-native-lua-na1\local-source\modules\core\math\include
  -external:IE:\SyncForder\CodeRepos\install\q2\c\include
  -external:ID:\Development\vcpkg\installed\x64-windows\include\eigen3
  -external:ID:\Development\vcpkg\installed\x64-windows\include
  -external:ID:\Development\vcpkg\installed\x64-windows\include\stduuid
  -external:W0 /DWIN32 /D_WINDOWS /EHsc /Zi /O2 /Ob1 /DNDEBUG -std:c++20 -MD
  /utf-8 /showIncludes
  /Foengine\domain\simulation\scripting\cpp_static\CMakeFiles\simulation_script_cpp_codegen_negative_11.dir\4a77c1f3fbbc4376af7c592d4d96d651\InvalidGeneratedScript.InvalidBehavior.script.generated.cpp.obj
  /Fdengine\domain\simulation\scripting\cpp_static\CMakeFiles\simulation_script_cpp_codegen_negative_11.dir\
  /FS -c
  E:\SyncForder\CodeRepos\build\RelWithDebInfo\o\w\d\engine\domain\simulation\scripting\cpp_static\generated\simulation_script_cpp_codegen_negative_11\cpp_scripts\InvalidBehavior\InvalidGeneratedScript.InvalidBehavior.script.generated.cpp

  
  E:\SyncForder\CodeRepos\build\RelWithDebInfo\script-native-lua-na1\local-source\modules\function\script\core\include\lux/engine/function/script/abi/lux_script_abi.h(17):
  fatal error C1083: Cannot open include file: 'stdint.h': No such file or
  directory

  ninja: build stopped: subcommand failed.





</system-out>
	</testcase>
	<testcase name="simulation_script_cpp_codegen_negative_12" classname="simulation_script_cpp_codegen_negative_12" time="0.241664" status="fail">
		<failure message="Failed"/>
		<properties/>
		<system-out>CMake Error at E:/SyncForder/CodeRepos/build/RelWithDebInfo/script-native-lua-na1/local-source/cmake/ExpectTargetCompileFailure.cmake:19 (message):
  Target 'simulation_script_cpp_codegen_negative_12' failed, but not for the
  expected reason ('Invalid Script export').

  [0/2] Re-checking globbed directories...

  [1/4] [lux_target_add_codegen]
  simulation_script_cpp_codegen_negative_12_cpp_script_dd9779f2c1c07747:
  parse once, render 4 projection(s)

  FAILED:
  engine/domain/simulation/scripting/cpp_static/generated/simulation_script_cpp_codegen_negative_12/cpp_scripts/InvalidBehavior/InvalidGeneratedScript.InvalidBehavior.script.generated.hpp
  engine/domain/simulation/scripting/cpp_static/generated/simulation_script_cpp_codegen_negative_12/cpp_scripts/InvalidBehavior/InvalidGeneratedScript.InvalidBehavior.script.generated.cpp
  engine/domain/simulation/scripting/cpp_static/generated/simulation_script_cpp_codegen_negative_12/cpp_scripts/InvalidBehavior/InvalidGeneratedScript.InvalidBehavior.bindings.json
  E:/SyncForder/CodeRepos/build/RelWithDebInfo/o/w/d/engine/domain/simulation/scripting/cpp_static/generated/simulation_script_cpp_codegen_negative_12/cpp_scripts/InvalidBehavior/InvalidGeneratedScript.InvalidBehavior.script.generated.hpp
  E:/SyncForder/CodeRepos/build/RelWithDebInfo/o/w/d/engine/domain/simulation/scripting/cpp_static/generated/simulation_script_cpp_codegen_negative_12/cpp_scripts/InvalidBehavior/InvalidGeneratedScript.InvalidBehavior.script.generated.cpp
  E:/SyncForder/CodeRepos/build/RelWithDebInfo/o/w/d/engine/domain/simulation/scripting/cpp_static/generated/simulation_script_cpp_codegen_negative_12/cpp_scripts/InvalidBehavior/InvalidGeneratedScript.InvalidBehavior.bindings.json

  C:\WINDOWS\system32\cmd.exe /C "cd /D
  E:\SyncForder\CodeRepos\build\RelWithDebInfo\o\w\d\engine\domain\simulation\scripting\cpp_static
  &amp;&amp; E:\SyncForder\CodeRepos\install\q2\c\bin\lux_meta_generator.exe
  E:/SyncForder/CodeRepos/build/RelWithDebInfo/o/w/d/engine/domain/simulation/scripting/cpp_static/lux_codegen/simulation_script_cpp_codegen_negative_12_cpp_script_dd9779f2c1c07747.json
  &amp;&amp; D:\Development\CMake\bin\cmake.exe -E cmake_transform_depfile Ninja
  gccdepfile
  E:/SyncForder/CodeRepos/build/RelWithDebInfo/script-native-lua-na1/local-source
  E:/SyncForder/CodeRepos/build/RelWithDebInfo/script-native-lua-na1/local-source/engine/domain/simulation/scripting/cpp_static
  E:/SyncForder/CodeRepos/build/RelWithDebInfo/o/w/d
  E:/SyncForder/CodeRepos/build/RelWithDebInfo/o/w/d/engine/domain/simulation/scripting/cpp_static
  E:/SyncForder/CodeRepos/build/RelWithDebInfo/o/w/d/engine/domain/simulation/scripting/cpp_static/lux_codegen/simulation_script_cpp_codegen_negative_12_cpp_script_dd9779f2c1c07747.d
  E:/SyncForder/CodeRepos/build/RelWithDebInfo/o/w/d/CMakeFiles/d/c84ebfb622d669f4554c122317c0272dc70d3f5acdeea9302856155b253e82ef.d"

  ninja: build stopped: subcommand failed.





</system-out>
	</testcase>
	<testcase name="simulation_script_cpp_codegen_negative_13" classname="simulation_script_cpp_codegen_negative_13" time="0.24598" status="fail">
		<failure message="Failed"/>
		<properties/>
		<system-out>CMake Error at E:/SyncForder/CodeRepos/build/RelWithDebInfo/script-native-lua-na1/local-source/cmake/ExpectTargetCompileFailure.cmake:19 (message):
  Target 'simulation_script_cpp_codegen_negative_13' failed, but not for the
  expected reason ('duplicate Script export source identity').

  [0/2] Re-checking globbed directories...

  [1/4] [lux_target_add_codegen]
  simulation_script_cpp_codegen_negative_13_cpp_script_afdf80c466d68948:
  parse once, render 4 projection(s)

  FAILED:
  engine/domain/simulation/scripting/cpp_static/generated/simulation_script_cpp_codegen_negative_13/cpp_scripts/InvalidBehavior/InvalidGeneratedScript.InvalidBehavior.script.generated.hpp
  engine/domain/simulation/scripting/cpp_static/generated/simulation_script_cpp_codegen_negative_13/cpp_scripts/InvalidBehavior/InvalidGeneratedScript.InvalidBehavior.script.generated.cpp
  engine/domain/simulation/scripting/cpp_static/generated/simulation_script_cpp_codegen_negative_13/cpp_scripts/InvalidBehavior/InvalidGeneratedScript.InvalidBehavior.bindings.json
  E:/SyncForder/CodeRepos/build/RelWithDebInfo/o/w/d/engine/domain/simulation/scripting/cpp_static/generated/simulation_script_cpp_codegen_negative_13/cpp_scripts/InvalidBehavior/InvalidGeneratedScript.InvalidBehavior.script.generated.hpp
  E:/SyncForder/CodeRepos/build/RelWithDebInfo/o/w/d/engine/domain/simulation/scripting/cpp_static/generated/simulation_script_cpp_codegen_negative_13/cpp_scripts/InvalidBehavior/InvalidGeneratedScript.InvalidBehavior.script.generated.cpp
  E:/SyncForder/CodeRepos/build/RelWithDebInfo/o/w/d/engine/domain/simulation/scripting/cpp_static/generated/simulation_script_cpp_codegen_negative_13/cpp_scripts/InvalidBehavior/InvalidGeneratedScript.InvalidBehavior.bindings.json

  C:\WINDOWS\system32\cmd.exe /C "cd /D
  E:\SyncForder\CodeRepos\build\RelWithDebInfo\o\w\d\engine\domain\simulation\scripting\cpp_static
  &amp;&amp; E:\SyncForder\CodeRepos\install\q2\c\bin\lux_meta_generator.exe
  E:/SyncForder/CodeRepos/build/RelWithDebInfo/o/w/d/engine/domain/simulation/scripting/cpp_static/lux_codegen/simulation_script_cpp_codegen_negative_13_cpp_script_afdf80c466d68948.json
  &amp;&amp; D:\Development\CMake\bin\cmake.exe -E cmake_transform_depfile Ninja
  gccdepfile
  E:/SyncForder/CodeRepos/build/RelWithDebInfo/script-native-lua-na1/local-source
[...]
  not for the expected reason
  ('unsupported.mutable.rvalue.volatile.Script.Ability').

  [0/2] Re-checking globbed directories...

  [1/3] [lux_target_add_codegen]
  simulation_script_ability_mutable_parameter_negative_script_abilities:
  parse once, render 5 projection(s)

  FAILED:
  engine/domain/simulation/composition/generated/simulation_script_ability_mutable_parameter_negative/script_abilities/MutableParameterAbility.ability.generated.hpp
  engine/domain/simulation/composition/generated/simulation_script_ability_mutable_parameter_negative/script_abilities/schema_writer/MutableParameterAbility.ability.schema.cpp
  engine/domain/simulation/composition/generated/simulation_script_ability_mutable_parameter_negative/script_abilities/MutableParameterAbility.ability.lua.generated.hpp
  engine/domain/simulation/composition/generated/simulation_script_ability_mutable_parameter_negative/script_abilities/MutableParameterAbility.ability.native.generated.hpp
  E:/SyncForder/CodeRepos/build/RelWithDebInfo/o/w/d/engine/domain/simulation/composition/generated/simulation_script_ability_mutable_parameter_negative/script_abilities/MutableParameterAbility.ability.generated.hpp
  E:/SyncForder/CodeRepos/build/RelWithDebInfo/o/w/d/engine/domain/simulation/composition/generated/simulation_script_ability_mutable_parameter_negative/script_abilities/schema_writer/MutableParameterAbility.ability.schema.cpp
  E:/SyncForder/CodeRepos/build/RelWithDebInfo/o/w/d/engine/domain/simulation/composition/generated/simulation_script_ability_mutable_parameter_negative/script_abilities/MutableParameterAbility.ability.lua.generated.hpp
  E:/SyncForder/CodeRepos/build/RelWithDebInfo/o/w/d/engine/domain/simulation/composition/generated/simulation_script_ability_mutable_parameter_negative/script_abilities/MutableParameterAbility.ability.native.generated.hpp

  C:\WINDOWS\system32\cmd.exe /C "cd /D
  E:\SyncForder\CodeRepos\build\RelWithDebInfo\o\w\d\engine\domain\simulation\composition
  &amp;&amp; E:\SyncForder\CodeRepos\install\q2\c\bin\lux_meta_generator.exe
  E:/SyncForder/CodeRepos/build/RelWithDebInfo/o/w/d/engine/domain/simulation/composition/lux_codegen/simulation_script_ability_mutable_parameter_negative_script_abilities.json
  &amp;&amp; D:\Development\CMake\bin\cmake.exe -E cmake_transform_depfile Ninja
  gccdepfile
  E:/SyncForder/CodeRepos/build/RelWithDebInfo/script-native-lua-na1/local-source
  E:/SyncForder/CodeRepos/build/RelWithDebInfo/script-native-lua-na1/local-source/engine/domain/simulation/composition
  E:/SyncForder/CodeRepos/build/RelWithDebInfo/o/w/d
  E:/SyncForder/CodeRepos/build/RelWithDebInfo/o/w/d/engine/domain/simulation/composition
  E:/SyncForder/CodeRepos/build/RelWithDebInfo/o/w/d/engine/domain/simulation/composition/lux_codegen/simulation_script_ability_mutable_parameter_negative_script_abilities.d
  E:/SyncForder/CodeRepos/build/RelWithDebInfo/o/w/d/CMakeFiles/d/c942ef0e1fd0e7ee7536fc00e33a491d64d95d2bc91458726a82ef0408c84a7f.d"

  ninja: build stopped: subcommand failed.





</system-out>
	</testcase>
	<testcase name="simulation_script_ability_mutable_result_negative" classname="simulation_script_ability_mutable_result_negative" time="0.240587" status="fail">
		<failure message="Failed"/>
		<properties/>
		<system-out>CMake Error at E:/SyncForder/CodeRepos/build/RelWithDebInfo/script-native-lua-na1/local-source/cmake/ExpectTargetCompileFailure.cmake:19 (message):
  Target 'simulation_script_ability_mutable_result_negative' failed, but not
  for the expected reason
  ('unsupported.mutable.rvalue.volatile.Script.Ability').

  [0/2] Re-checking globbed directories...

  [1/3] [lux_target_add_codegen]
  simulation_script_ability_mutable_result_negative_script_abilities: parse
  once, render 5 projection(s)

  FAILED:
  engine/domain/simulation/composition/generated/simulation_script_ability_mutable_result_negative/script_abilities/MutableResultAbility.ability.generated.hpp
  engine/domain/simulation/composition/generated/simulation_script_ability_mutable_result_negative/script_abilities/schema_writer/MutableResultAbility.ability.schema.cpp
  engine/domain/simulation/composition/generated/simulation_script_ability_mutable_result_negative/script_abilities/MutableResultAbility.ability.lua.generated.hpp
  engine/domain/simulation/composition/generated/simulation_script_ability_mutable_result_negative/script_abilities/MutableResultAbility.ability.native.generated.hpp
  E:/SyncForder/CodeRepos/build/RelWithDebInfo/o/w/d/engine/domain/simulation/composition/generated/simulation_script_ability_mutable_result_negative/script_abilities/MutableResultAbility.ability.generated.hpp
  E:/SyncForder/CodeRepos/build/RelWithDebInfo/o/w/d/engine/domain/simulation/composition/generated/simulation_script_ability_mutable_result_negative/script_abilities/schema_writer/MutableResultAbility.ability.schema.cpp
  E:/SyncForder/CodeRepos/build/RelWithDebInfo/o/w/d/engine/domain/simulation/composition/generated/simulation_script_ability_mutable_result_negative/script_abilities/MutableResultAbility.ability.lua.generated.hpp
  E:/SyncForder/CodeRepos/build/RelWithDebInfo/o/w/d/engine/domain/simulation/composition/generated/simulation_script_ability_mutable_result_negative/script_abilities/MutableResultAbility.ability.native.generated.hpp

  C:\WINDOWS\system32\cmd.exe /C "cd /D
  E:\SyncForder\CodeRepos\build\RelWithDebInfo\o\w\d\engine\domain\simulation\composition
  &amp;&amp; E:\SyncForder\CodeRepos\install\q2\c\bin\lux_meta_generator.exe
  E:/SyncForder/CodeRepos/build/RelWithDebInfo/o/w/d/engine/domain/simulation/composition/lux_codegen/simulation_script_ability_mutable_result_negative_script_abilities.json
  &amp;&amp; D:\Development\CMake\bin\cmake.exe -E cmake_transform_depfile Ninja
  gccdepfile
  E:/SyncForder/CodeRepos/build/RelWithDebInfo/script-native-lua-na1/local-source
  E:/SyncForder/CodeRepos/build/RelWithDebInfo/script-native-lua-na1/local-source/engine/domain/simulation/composition
  E:/SyncForder/CodeRepos/build/RelWithDebInfo/o/w/d
  E:/SyncForder/CodeRepos/build/RelWithDebInfo/o/w/d/engine/domain/simulation/composition
  E:/SyncForder/CodeRepos/build/RelWithDebInfo/o/w/d/engine/domain/simulation/composition/lux_codegen/simulation_script_ability_mutable_result_negative_script_abilities.d
  E:/SyncForder/CodeRepos/build/RelWithDebInfo/o/w/d/CMakeFiles/d/197cb393e6f75d65f258bd9a4317317ef4e5eb3def397ba5b6e74d1c08d9a202.d"

  ninja: build stopped: subcommand failed.





</system-out>
	</testcase>
	<testcase name="simulation_script_ability_projection_test" classname="simulation_script_ability_projection_test" time="0.0090557" status="run">
		<properties/>
		<system-out></system-out>
	</testcase>
	<testcase name="simulation_script_ability_codegen_deterministic" classname="simulation_script_ability_codegen_deterministic" time="0.0309016" status="run">
		<properties/>
		<system-out></system-out>
	</testcase>
	<testcase name="vnext_transform_decode" classname="vnext_transform_decode" time="0.0194891" status="run">
		<properties>
			<property name="cmake_labels" value="cpu;l1;schema;transform;vnext"/>
		</properties>
		<system-out></system-out>
	</testcase>
	<testcase name="vnext_transform_system" classname="vnext_transform_system" time="0.0226604" status="run">
		<properties>
			<property name="cmake_labels" value="cpu;l1;transform;vnext"/>
		</properties>
		<system-out></system-out>
	</testcase>
	<testcase name="physics2d_simulation_test" classname="physics2d_simulation_test" time="0.0300085" status="run">
		<properties/>
		<system-out></system-out>
	</testcase>
	<testcase name="physics2d_lua_integration_test" classname="physics2d_lua_integration_test" time="0.0207937" status="run">
		<properties/>
		<system-out></system-out>
	</testcase>
	<testcase name="physics2d_script_benchmark_smoke" classname="physics2d_script_benchmark_smoke" time="0.0374222" status="run">
		<properties/>
		<system-out>INTEGRITY,physics,steady,invocation_errors=0,instances=9,resumes=17,queue=0
INTEGRITY,physics,shutdown,invocation_errors=0,instances=0,backlog=0
VM_FINAL,accounting=0,alloc=0,realloc=0,free=0,failures=0,heap_alloc=0,heap_free=0,slot_reuses=0,in_place=0,live=0,peak_live=0,idle_page_backing=0,peak_idle_page_backing=0,threads=0,resumes=0,released=0,leaf_available=1,leaf_observed=0,leaf=0,standard=0
</system-out>
	</testcase>
	<testcase name="process_timer_test" classname="process_timer_test" time="0.144471" status="run">
		<properties/>
		<system-out></system-out>
	</testcase>
	<testcase name="process_port_sender_test" classname="process_port_sender_test" time="0.0082363" status="run">
		<properties/>
		<system-out></system-out>
	</testcase>
	<testcase name="process_execution_runtime_test" classname="process_execution_runtime_test" time="0.0121289" status="run">
		<properties/>
		<system-out></system-out>
	</testcase>
	<testcase name="process_task_scope_test" classname="process_task_scope_test" time="0.460943" status="run">
		<properties/>
		<system-out></system-out>
	</testcase>
	<testcase name="task_scope_unconsumed_value_negative" classname="task_scope_unconsumed_value_negative" time="0.255738" status="fail">
		<failure message="Failed"/>
		<properties/>
		<system-out>CMake Error at E:/SyncForder/CodeRepos/build/RelWithDebInfo/script-native-lua-na1/local-source/cmake/ExpectTargetCompileFailure.cmake:19 (message):
  Target 'task_scope_unconsumed_value_negative' failed, but not for the
  expected reason ('TaskScopeLifetimeSender').

  [0/2] Re-checking globbed directories...

  [1/2] Building CXX object
  engine\process\execution\CMakeFiles\task_scope_unconsumed_value_negative.dir\test\task_scope_unconsumed_value_negative.cpp.obj

  FAILED:
  engine/process/execution/CMakeFiles/task_scope_unconsumed_value_negative.dir/test/task_scope_unconsumed_value_negative.cpp.obj

  
  D:\Development\Mircosoft\VisualStudio\VC\Tools\MSVC\14.44.35207\bin\Hostx64\x64\cl.exe
  /nologo /TP -DSTDEXEC_ENABLE_WINDOWS_THREAD_POOL
  -IE:\SyncForder\CodeRepos\build\RelWithDebInfo\script-native-lua-na1\local-source\engine\process\execution\include
  -IE:\SyncForder\CodeRepos\build\RelWithDebInfo\o\w\d\gen\include
  -IE:\SyncForder\CodeRepos\build\RelWithDebInfo\script-native-lua-na1\local-source\modules\core\async_port\include
  -external:IE:\SyncForder\CodeRepos\install\q2\c\include
  -external:ID:\Development\vcpkg\installed\x64-windows\include -external:W0
  /DWIN32 /D_WINDOWS /EHsc /Zi /O2 /Ob1 /DNDEBUG -std:c++20 -MD /utf-8
  /Zc:__cplusplus /Zc:preprocessor /Zc:externConstexpr /showIncludes
  /Foengine\process\execution\CMakeFiles\task_scope_unconsumed_value_negative.dir\test\task_scope_unconsumed_value_negative.cpp.obj
  /Fdengine\process\execution\CMakeFiles\task_scope_unconsumed_value_negative.dir\
  /FS -c
  E:\SyncForder\CodeRepos\build\RelWithDebInfo\script-native-lua-na1\local-source\engine\process\execution\test\task_scope_unconsumed_value_negative.cpp

  
  E:\SyncForder\CodeRepos\install\q2\c\include\lux/cxx/compile_time/expected.hpp(6):
  fatal error C1083: Cannot open include file: 'version': No such file or
  directory

  ninja: build stopped: subcommand failed.





</system-out>
	</testcase>
	<testcase name="task_scope_unconsumed_error_negative" classname="task_scope_unconsumed_error_negative" time="0.244458" status="fail">
		<failure message="Failed"/>
		<properties/>
		<system-out>CMake Error at E:/SyncForder/CodeRepos/build/RelWithDebInfo/script-native-lua-na1/local-source/cmake/ExpectTargetCompileFailure.cmake:19 (message):
  Target 'task_scope_unconsumed_error_negative' failed, but not for the
  expected reason ('TaskScopeLifetimeSender').

  [0/2] Re-checking globbed directories...

  [1/2] Building CXX object
  engine\process\execution\CMakeFiles\task_scope_unconsumed_error_negative.dir\test\task_scope_unconsumed_error_negative.cpp.obj

  FAILED:
  engine/process/execution/CMakeFiles/task_scope_unconsumed_error_negative.dir/test/task_scope_unconsumed_error_negative.cpp.obj

  
  D:\Development\Mircosoft\VisualStudio\VC\Tools\MSVC\14.44.35207\bin\Hostx64\x64\cl.exe
  /nologo /TP -DSTDEXEC_ENABLE_WINDOWS_THREAD_POOL
  -IE:\SyncForder\CodeRepos\build\RelWithDebInfo\script-native-lua-na1\local-source\engine\process\execution\include
  -IE:\SyncForder\CodeRepos\build\RelWithDebInfo\o\w\d\gen\include
  -IE:\SyncForder\CodeRepos\build\RelWithDebInfo\script-native-lua-na1\local-source\modules\core\async_port\include
  -external:IE:\SyncForder\CodeRepos\install\q2\c\include
  -external:ID:\Development\vcpkg\installed\x64-windows\include -external:W0
  /DWIN32 /D_WINDOWS /EHsc /Zi /O2 /Ob1 /DNDEBUG -std:c++20 -MD /utf-8
  /Zc:__cplusplus /Zc:preprocessor /Zc:externConstexpr /showIncludes
  /Foengine\process\execution\CMakeFiles\task_scope_unconsumed_error_negative.dir\test\task_scope_unconsumed_error_negative.cpp.obj
  /Fdengine\process\execution\CMakeFiles\task_scope_unconsumed_error_negative.dir\
  /FS -c
  E:\SyncForder\CodeRepos\build\RelWithDebInfo\script-native-lua-na1\local-source\engine\process\execution\test\task_scope_unconsumed_error_negative.cpp

  
  E:\SyncForder\CodeRepos\install\q2\c\include\lux/cxx/compile_time/expected.hpp(6):
  fatal error C1083: Cannot open include file: 'version': No such file or
  directory

  ninja: build stopped: subcommand failed.





</system-out>
	</testcase>
	<testcase name="scene_composition_test" classname="scene_composition_test" time="0.0377352" status="run">
		<properties/>
		<system-out></system-out>
	</testcase>
	<testcase name="scene_world_materialization_test" classname="scene_world_materialization_test" time="0.0225952" status="run">
		<properties/>
		<system-out></system-out>
	</testcase>
	<testcase name="scene_world_materialization_deferred_test" classname="scene_world_materialization_deferred_test" time="0.0148817" status="run">
		<properties/>
		<system-out></system-out>
	</testcase>
	<testcase name="scene_script_description_test" classname="scene_script_description_test" time="0.0240953" status="run">
		<properties/>
		<system-out></system-out>
	</testcase>
	<testcase name="script_binding_authoring_test" classname="script_binding_authoring_test" time="0.0155181" status="run">
		<properties/>
		<system-out></system-out>
	</testcase>
	<testcase name="scene_script_runtime_test" classname="scene_script_runtime_test" time="0.0775721" status="run">
		<properties/>
		<system-out></system-out>
	</testcase>
	<testcase name="scene_script_lua_runtime_test" classname="scene_script_lua_runtime_test" time="0.0242212" status="run">
		<properties/>
		<system-out>LUA_STEP,step=1,resumes=0,suspensions=1,next=0,delay=0,external=1,active=1,writes=1,value=1
LUA_STEP,step=1,resumes=0,suspensions=1,next=0,delay=0,external=1,active=1,writes=1,value=1
LUA_STEP,step=2,resumes=1,suspensions=2,next=1,delay=0,external=0,active=1,writes=1,value=1
LUA_STEP,step=2,resumes=1,suspensions=2,next=1,delay=0,external=0,active=1,writes=1,value=1
LUA_STEP,step=3,resumes=2,suspensions=3,next=0,delay=1,external=0,active=1,writes=1,value=1
LUA_STEP,step=3,resumes=2,suspensions=3,next=0,delay=1,external=0,active=1,writes=1,value=1
LUA_STEP,step=4,resumes=2,suspensions=3,next=0,delay=1,external=0,active=1,writes=1,value=1
LUA_STEP,step=4,resumes=2,suspensions=3,next=0,delay=1,external=0,active=1,writes=1,value=1
LUA_STEP,step=5,resumes=3,suspensions=3,next=0,delay=0,external=0,active=0,writes=2,value=1234
LUA_STEP,step=5,resumes=3,suspensions=3,next=0,delay=0,external=0,active=0,writes=2,value=1234
SCENE_DEFERRED fault=0 resumed=2 provider=2 accepted=2 endplay=2 backlog=0 PASS
SCENE_DEFERRED fau...
[This part of the test output was removed since it exceeds the threshold of 1024 bytes.]
</system-out>
	</testcase>
	<testcase name="scene_script_lua_runtime_workers_0" classname="scene_script_lua_runtime_workers_0" time="0.113859" status="run">
		<properties/>
		<system-out>LUA_STEP,step=1,resumes=0,suspensions=1,next=0,delay=0,external=1,active=1,writes=1,value=1
LUA_STEP,step=1,resumes=0,suspensions=1,next=0,delay=0,external=1,active=1,writes=1,value=1
LUA_STEP,step=2,resumes=1,suspensions=2,next=1,delay=0,external=0,active=1,writes=1,value=1
LUA_STEP,step=2,resumes=1,suspensions=2,next=1,delay=0,external=0,active=1,writes=1,value=1
LUA_STEP,step=3,resumes=2,suspensions=3,next=0,delay=1,external=0,active=1,writes=1,value=1
LUA_STEP,step=3,resumes=2,suspensions=3,next=0,delay=1,external=0,active=1,writes=1,value=1
LUA_STEP,step=4,resumes=2,suspensions=3,next=0,delay=1,external=0,active=1,writes=1,value=1
LUA_STEP,step=4,resumes=2,suspensions=3,next=0,delay=1,external=0,active=1,writes=1,value=1
LUA_STEP,step=5,resumes=3,suspensions=3,next=0,delay=0,external=0,active=0,writes=2,value=1234
LUA_STEP,step=5,resumes=3,suspensions=3,next=0,delay=0,external=0,active=0,writes=2,value=1234
SCENE_DEFERRED fault=0 resumed=2 provider=2 accepted=2 endplay=2 backlog=0 PASS
SCENE_DEFERRED fau...
[This part of the test output was removed since it exceeds the threshold of 1024 bytes.]
</system-out>
	</testcase>
	<testcase name="scene_script_lua_runtime_workers_2" classname="scene_script_lua_runtime_workers_2" time="0.0167971" status="run">
		<properties/>
		<system-out>LUA_STEP,step=1,resumes=0,suspensions=1,next=0,delay=0,external=1,active=1,writes=1,value=1
LUA_STEP,step=1,resumes=0,suspensions=1,next=0,delay=0,external=1,active=1,writes=1,value=1
LUA_STEP,step=2,resumes=1,suspensions=2,next=1,delay=0,external=0,active=1,writes=1,value=1
LUA_STEP,step=2,resumes=1,suspensions=2,next=1,delay=0,external=0,active=1,writes=1,value=1
LUA_STEP,step=3,resumes=2,suspensions=3,next=0,delay=1,external=0,active=1,writes=1,value=1
LUA_STEP,step=3,resumes=2,suspensions=3,next=0,delay=1,external=0,active=1,writes=1,value=1
LUA_STEP,step=4,resumes=2,suspensions=3,next=0,delay=1,external=0,active=1,writes=1,value=1
LUA_STEP,step=4,resumes=2,suspensions=3,next=0,delay=1,external=0,active=1,writes=1,value=1
LUA_STEP,step=5,resumes=3,suspensions=3,next=0,delay=0,external=0,active=0,writes=2,value=1234
LUA_STEP,step=5,resumes=3,suspensions=3,next=0,delay=0,external=0,active=0,writes=2,value=1234
SCENE_DEFERRED fault=0 resumed=2 provider=2 accepted=2 endplay=2 backlog=0 PASS
SCENE_DEFERRED fau...
[This part of the test output was removed since it exceeds the threshold of 1024 bytes.]
</system-out>
	</testcase>
	<testcase name="scene_script_lua_runtime_workers_4" classname="scene_script_lua_runtime_workers_4" time="0.0162585" status="run">
		<properties/>
		<system-out>LUA_STEP,step=1,resumes=0,suspensions=1,next=0,delay=0,external=1,active=1,writes=1,value=1
LUA_STEP,step=1,resumes=0,suspensions=1,next=0,delay=0,external=1,active=1,writes=1,value=1
LUA_STEP,step=2,resumes=1,suspensions=2,next=1,delay=0,external=0,active=1,writes=1,value=1
LUA_STEP,step=2,resumes=1,suspensions=2,next=1,delay=0,external=0,active=1,writes=1,value=1
LUA_STEP,step=3,resumes=2,suspensions=3,next=0,delay=1,external=0,active=1,writes=1,value=1
LUA_STEP,step=3,resumes=2,suspensions=3,next=0,delay=1,external=0,active=1,writes=1,value=1
LUA_STEP,step=4,resumes=2,suspensions=3,next=0,delay=1,external=0,active=1,writes=1,value=1
LUA_STEP,step=4,resumes=2,suspensions=3,next=0,delay=1,external=0,active=1,writes=1,value=1
LUA_STEP,step=5,resumes=3,suspensions=3,next=0,delay=0,external=0,active=0,writes=2,value=1234
LUA_STEP,step=5,resumes=3,suspensions=3,next=0,delay=0,external=0,active=0,writes=2,value=1234
SCENE_DEFERRED fault=0 resumed=2 provider=2 accepted=2 endplay=2 backlog=0 PASS
SCENE_DEFERRED fau...
[This part of the test output was removed since it exceeds the threshold of 1024 bytes.]
</system-out>
	</testcase>
</testsuite>
