<?xml version="1.0" encoding="UTF-8"?>
<testsuite name="Win32-ninja"
	tests="127"
	failures="0"
	disabled="0"
	skipped="0"
	hostname="LuxDesktop"
	time="32"
	timestamp="2026-09-12T09:23:51"
	>
	<testcase name="architecture_world_domain_positive" classname="architecture_world_domain_positive" time="0.0819248" status="run">
		<properties>
			<property name="cmake_labels" value="architecture;l1"/>
		</properties>
		<system-out>-- Selecting Windows SDK version 10.0.26100.0 to target Windows 10.0.26200.
-- Configuring done (0.0s)
-- Generating done (0.0s)
-- Build files have been written to: E:/SyncForder/CodeRepos/build/RelWithDebInfo/o/w/d/architecture-layer-probes/architecture_world_domain_positive
</system-out>
	</testcase>
	<testcase name="architecture_simulation_domain_positive" classname="architecture_simulation_domain_positive" time="0.0786721" status="run">
		<properties>
			<property name="cmake_labels" value="architecture;l1"/>
		</properties>
		<system-out>-- Selecting Windows SDK version 10.0.26100.0 to target Windows 10.0.26200.
-- Configuring done (0.0s)
-- Generating done (0.0s)
-- Build files have been written to: E:/SyncForder/CodeRepos/build/RelWithDebInfo/o/w/d/architecture-layer-probes/architecture_simulation_domain_positive
</system-out>
	</testcase>
	<testcase name="architecture_simulation_world_negative" classname="architecture_simulation_world_negative" time="0.0429568" status="run">
		<properties>
			<property name="cmake_labels" value="architecture;l1"/>
		</properties>
		<system-out>-- Selecting Windows SDK version 10.0.26100.0 to target Windows 10.0.26200.
CMake Error at E:/SyncForder/CodeRepos/build/RelWithDebInfo/script-native-lua-na1/local-source/cmake/TargetArchitecture.cmake:278 (message):
  Architecture DAG: SIMULATION target 'probe_consumer' may not link WORLD
  target 'probe_dependency'
Call Stack (most recent call first):
  CMakeLists.txt:27 (lux_validate_target_dag)


-- Configuring incomplete, errors occurred!
</system-out>
	</testcase>
	<testcase name="architecture_domain_world_negative" classname="architecture_domain_world_negative" time="0.0397955" status="run">
		<properties>
			<property name="cmake_labels" value="architecture;l1"/>
		</properties>
		<system-out>-- Selecting Windows SDK version 10.0.26100.0 to target Windows 10.0.26200.
CMake Error at E:/SyncForder/CodeRepos/build/RelWithDebInfo/script-native-lua-na1/local-source/cmake/TargetArchitecture.cmake:278 (message):
  Architecture DAG: DOMAIN target 'probe_consumer' may not link WORLD target
  'probe_dependency'
Call Stack (most recent call first):
  CMakeLists.txt:27 (lux_validate_target_dag)


-- Configuring incomplete, errors occurred!
</system-out>
	</testcase>
	<testcase name="architecture_domain_simulation_negative" classname="architecture_domain_simulation_negative" time="0.0411488" status="run">
		<properties>
			<property name="cmake_labels" value="architecture;l1"/>
		</properties>
		<system-out>-- Selecting Windows SDK version 10.0.26100.0 to target Windows 10.0.26200.
CMake Error at E:/SyncForder/CodeRepos/build/RelWithDebInfo/script-native-lua-na1/local-source/cmake/TargetArchitecture.cmake:278 (message):
  Architecture DAG: DOMAIN target 'probe_consumer' may not link SIMULATION
  target 'probe_dependency'
Call Stack (most recent call first):
  CMakeLists.txt:27 (lux_validate_target_dag)


-- Configuring incomplete, errors occurred!
</system-out>
	</testcase>
	<testcase name="architecture_process_world_loading_positive" classname="architecture_process_world_loading_positive" time="0.0804778" status="run">
		<properties>
			<property name="cmake_labels" value="architecture;l1"/>
		</properties>
		<system-out>-- Selecting Windows SDK version 10.0.26100.0 to target Windows 10.0.26200.
-- Configuring done (0.0s)
-- Generating done (0.0s)
-- Build files have been written to: E:/SyncForder/CodeRepos/build/RelWithDebInfo/o/w/d/architecture-layer-probes/architecture_process_world_loading_positive
</system-out>
	</testcase>
	<testcase name="architecture_scene_process_positive" classname="architecture_scene_process_positive" time="0.0813577" status="run">
		<properties>
			<property name="cmake_labels" value="architecture;l1"/>
		</properties>
		<system-out>-- Selecting Windows SDK version 10.0.26100.0 to target Windows 10.0.26200.
-- Configuring done (0.0s)
-- Generating done (0.0s)
-- Build files have been written to: E:/SyncForder/CodeRepos/build/RelWithDebInfo/o/w/d/architecture-layer-probes/architecture_scene_process_positive
</system-out>
	</testcase>
	<testcase name="architecture_process_scene_negative" classname="architecture_process_scene_negative" time="0.0416685" status="run">
		<properties>
			<property name="cmake_labels" value="architecture;l1"/>
		</properties>
		<system-out>-- Selecting Windows SDK version 10.0.26100.0 to target Windows 10.0.26200.
CMake Error at E:/SyncForder/CodeRepos/build/RelWithDebInfo/script-native-lua-na1/local-source/cmake/TargetArchitecture.cmake:278 (message):
  Architecture DAG: PROCESS target 'probe_consumer' may not link SCENE target
  'probe_dependency'
Call Stack (most recent call first):
  CMakeLists.txt:27 (lux_validate_target_dag)


-- Configuring incomplete, errors occurred!
</system-out>
	</testcase>
	<testcase name="architecture_scene_editor_negative" classname="architecture_scene_editor_negative" time="0.0449348" status="run">
		<properties>
			<property name="cmake_labels" value="architecture;l1"/>
		</properties>
		<system-out>-- Selecting Windows SDK version 10.0.26100.0 to target Windows 10.0.26200.
CMake Error at E:/SyncForder/CodeRepos/build/RelWithDebInfo/script-native-lua-na1/local-source/cmake/TargetArchitecture.cmake:278 (message):
  Architecture DAG: SCENE target 'probe_consumer' may not link EDITOR target
  'probe_dependency'
Call Stack (most recent call first):
  CMakeLists.txt:27 (lux_validate_target_dag)


-- Configuring incomplete, errors occurred!
</system-out>
	</testcase>
	<testcase name="architecture_toolchain_function_positive" classname="architecture_toolchain_function_positive" time="0.0965645" status="run">
		<properties>
			<property name="cmake_labels" value="architecture;l1"/>
		</properties>
		<system-out>-- Selecting Windows SDK version 10.0.26100.0 to target Windows 10.0.26200.
-- Configuring done (0.0s)
-- Generating done (0.0s)
-- Build files have been written to: E:/SyncForder/CodeRepos/build/RelWithDebInfo/o/w/d/architecture-layer-probes/architecture_toolchain_function_positive
</system-out>
	</testcase>
	<testcase name="architecture_toolchain_editor_negative" classname="architecture_toolchain_editor_negative" time="0.0443228" status="run">
		<properties>
			<property name="cmake_labels" value="architecture;l1"/>
		</properties>
		<system-out>-- Selecting Windows SDK version 10.0.26100.0 to target Windows 10.0.26200.
CMake Error at E:/SyncForder/CodeRepos/build/RelWithDebInfo/script-native-lua-na1/local-source/cmake/TargetArchitecture.cmake:278 (message):
  Architecture DAG: TOOLCHAIN target 'probe_consumer' may not link EDITOR
  target 'probe_dependency'
Call Stack (most recent call first):
  CMakeLists.txt:27 (lux_validate_target_dag)


-- Configuring incomplete, errors occurred!
</system-out>
	</testcase>
	<testcase name="architecture_editor_toolchain_positive" classname="architecture_editor_toolchain_positive" time="0.078348" status="run">
		<properties>
			<property name="cmake_labels" value="architecture;l1"/>
		</properties>
		<system-out>-- Selecting Windows SDK version 10.0.26100.0 to target Windows 10.0.26200.
-- Configuring done (0.0s)
-- Generating done (0.0s)
-- Build files have been written to: E:/SyncForder/CodeRepos/build/RelWithDebInfo/o/w/d/architecture-layer-probes/architecture_editor_toolchain_positive
</system-out>
	</testcase>
	<testcase name="architecture_function_toolchain_negative" classname="architecture_function_toolchain_negative" time="0.0402268" status="run">
		<properties>
			<property name="cmake_labels" value="architecture;l1"/>
		</properties>
		<system-out>-- Selecting Windows SDK version 10.0.26100.0 to target Windows 10.0.26200.
CMake Error at E:/SyncForder/CodeRepos/build/RelWithDebInfo/script-native-lua-na1/local-source/cmake/TargetArchitecture.cmake:278 (message):
  Architecture DAG: FUNCTION target 'probe_consumer' may not link TOOLCHAIN
  target 'probe_dependency'
Call Stack (most recent call first):
  CMakeLists.txt:27 (lux_validate_target_dag)


-- Configuring incomplete, errors occurred!
</system-out>
	</testcase>
	<testcase name="script_core_contract_test" classname="script_core_contract_test" time="0.007251" status="run">
		<properties/>
		<system-out></system-out>
	</testcase>
	<testcase name="type_static_info_test" classname="type_static_info_test" time="0.0067689" status="run">
		<properties/>
		<system-out></system-out>
	</testcase>
	<testcase name="task_graph_test" classname="task_graph_test" time="0.0463405" status="run">
		<properties/>
		<system-out></system-out>
	</testcase>
	<testcase name="script_description_contract_test" classname="script_description_contract_test" time="0.0114069" status="run">
		<properties/>
		<system-out></system-out>
	</testcase>
	<testcase name="flowforge_dynamism" classname="flowforge_dynamism" time="0.0076583" status="run">
		<properties/>
		<system-out>-- AutoSparseSet::try_emplace_at --
[ ok ] auto keys allocate monotonically from the offset
[ ok ] erase recycles the key into the free list
[ ok ] claiming a previously erased key succeeds
[ ok ] claimed key holds the new value
[ ok ] the claim reclaimed the key from the free list
[ ok ] claiming an occupied key fails
[ ok ] failed claim does not disturb the occupant
[ ok ] later auto-allocation cannot hand out the claimed key again
[ ok ] claiming beyond next_id_ succeeds (gap fill)
[ ok ] next_id_ advanced past the claimed key
[ ok ] skipped keys [5,8) stay allocatable via the free list
[ ok ] auto-allocation reuses a gap key, not the claimed one
[ ok ] claiming below the offset fails
-- FlowGraph::insertNodeAt --
[ ok ] graph indices allocate from 1
[ ok ] removeNode succeeds
[ ok ] removed index is gone
[ ok ] insertNodeAt restores the original index
[ ok ] restored index is live
[ ok ] restored NodeStorage carries its index
[ ok ] later addNodes cannot double-allocate the restored index
[ ok ] insertNod...
[This part of the test output was removed since it exceeds the threshold of 1024 bytes.]
</system-out>
	</testcase>
	<testcase name="flowforge_script_ability_node" classname="flowforge_script_ability_node" time="0.0106546" status="run">
		<properties/>
		<system-out></system-out>
	</testcase>
	<testcase name="script_artifact_codec_test" classname="script_artifact_codec_test" time="0.0128552" status="run">
		<properties/>
		<system-out></system-out>
	</testcase>
	<testcase name="script_lua_page_allocator_test" classname="script_lua_page_allocator_test" time="0.0623068" status="run">
		<properties/>
		<system-out>PAGE_RANDOM,tracked=0,budget=0,operations=20000,live=0,balanced=1
PAGE_RANDOM,tracked=0,budget=16777216,operations=20000,live=0,balanced=1
PAGE_RANDOM,tracked=1,budget=0,operations=20000,live=0,balanced=1
PAGE_RANDOM,tracked=1,budget=16777216,operations=20000,live=0,balanced=1
PAGE_PROTOCOL,pinned=1,reclassify=1,growth_failure_preserves=1,precise_fallback=1,overflow=1
PAGE_REUSE,same_class=32,header_rewrites=0,oldest_evicted=1,cross_class=1,budget_exact=1
ALLOCATOR_PASS,alignment=1,close_live=0,idle_pages_bounded=1,gc_modes=2,diagnostic_oracles=2
</system-out>
	</testcase>
	<testcase name="script_native_runtime_contract_test" classname="script_native_runtime_contract_test" time="0.0361743" status="run">
		<properties/>
		<system-out></system-out>
	</testcase>
	<testcase name="simulation_description_contract_test" classname="simulation_description_contract_test" time="0.0128993" status="run">
		<properties/>
		<system-out></system-out>
	</testcase>
	<testcase name="simulation_asset_codec_test" classname="simulation_asset_codec_test" time="0.0121708" status="run">
		<properties/>
		<system-out></system-out>
	</testcase>
	<testcase name="vnext_ecs_core" classname="vnext_ecs_core" time="0.0077051" status="run">
		<properties>
			<property name="cmake_labels" value="core;cpu;l1;vnext"/>
		</properties>
		<system-out></system-out>
	</testcase>
	<testcase name="vnext_ecs_system_registry" classname="vnext_ecs_system_registry" time="0.007963" status="run">
		<properties/>
		<system-out></system-out>
	</testcase>
	<testcase name="simulation_endpoint_point_test" classname="simulation_endpoint_point_test" time="0.0117098" status="run">
		<properties/>
		<system-out></system-out>
	</testcase>
	<testcase name="simulation_throwing_event_payload_rejected" classname="simulation_throwing_event_payload_rejected" time="0.837471" status="run">
		<properties>
			<property name="cmake_labels" value="exception;l1;negative;simulation"/>
		</properties>
		<system-out>-- Target 'simulation_throwing_event_payload_negative' failed compilation for the expected reason
</system-out>
	</testcase>
	<testcase name="simulation_unscoped_hook_rejected" classname="simulation_unscoped_hook_rejected" time="0.726388" status="run">
		<properties/>
		<system-out>-- Target 'simulation_unscoped_hook_negative' failed compilation for the expected reason
</system-out>
	</testcase>
	<testcase name="simulation_object_boundary_test" classname="simulation_object_boundary_test" time="0.114581" status="run">
		<properties/>
		<system-out></system-out>
	</testcase>
	<testcase name="simulation_script_coroutine_alignment_contract_test" classname="simulation_script_coroutine_alignment_contract_test" time="0.0134323" status="run">
		<properties/>
		<system-out>size_only=1 aligned_overload=0 bytes=240 local_mod64=0 stable_address=1
</system-out>
	</testcase>
	<testcase name="simulation_script_class_storage_test" classname="simulation_script_class_storage_test" time="0.0107879" status="run">
		<properties/>
		<system-out>STORAGE_TICKET,observe=0,owner=1,generation=1,allocation_checks=1,exhaustion=1,ticket=24
STORAGE_TICKET,observe=1,owner=1,generation=1,allocation_checks=1,exhaustion=1,ticket=24
</system-out>
	</testcase>
	<testcase name="simulation_script_class_storage_move_test" classname="simulation_script_class_storage_move_test" time="0.010455" status="run">
		<properties/>
		<system-out>requests=0 arena_deletes=1 expected=1
</system-out>
	</testcase>
	<testcase name="simulation_script_class_storage_failure_1_test" classname="simulation_script_class_storage_failure_1_test" time="0.0069001" status="run">
		<properties/>
		<system-out>requests=1 arena_deletes=0 expected=0
</system-out>
	</testcase>
	<testcase name="simulation_script_class_storage_failure_2_test" classname="simulation_script_class_storage_failure_2_test" time="0.0057975" status="run">
		<properties/>
		<system-out>requests=2 arena_deletes=1 expected=1
</system-out>
	</testcase>
	<testcase name="simulation_script_class_storage_failure_3_test" classname="simulation_script_class_storage_failure_3_test" time="0.0055882" status="run">
		<properties/>
		<system-out>requests=3 arena_deletes=1 expected=1
</system-out>
	</testcase>
	<testcase name="simulation_script_class_storage_failure_4_test" classname="simulation_script_class_storage_failure_4_test" time="0.0055764" status="run">
		<properties/>
		<system-out>requests=4 arena_deletes=1 expected=1
</system-out>
	</testcase>
	<testcase name="simulation_script_cpp_prepared_shape_test" classname="simulation_script_cpp_prepared_shape_test" time="0.126003" status="run">
		<properties/>
		<system-out>prepared=10000 rare_arity=0 bytes=320000 generated_calls=10012
prepared=10000 rare_arity=64 bytes=320000 generated_calls=10001
</system-out>
	</testcase>
	<testcase name="simulation_script_cpp_static_test" classname="simulation_script_cpp_static_test" time="0.0134225" status="run">
		<properties/>
		<system-out></system-out>
	</testcase>
	<testcase name="simulation_script_cpp_generated_integration_test" classname="simulation_script_cpp_generated_integration_test" time="0.0174395" status="run">
		<properties/>
		<system-out>generated attach -&gt; two objects -&gt; caller Hook -&gt; coroutine -&gt; rematerialize -&gt; EndPlay: PASS
</system-out>
	</testcase>
	<testcase name="simulation_script_cpp_generated_host-failure" classname="simulation_script_cpp_generated_host-failure" time="0.0088981" status="run">
		<properties/>
		<system-out></system-out>
	</testcase>
	<testcase name="simulation_script_cpp_generated_construct-failure" classname="simulation_script_cpp_generated_construct-failure" time="0.0091313" status="run">
		<properties/>
		<system-out></system-out>
	</testcase>
	<testcase name="simulation_script_cpp_generated_prepare-failure" classname="simulation_script_cpp_generated_prepare-failure" time="0.0090297" status="run">
		<properties/>
		<system-out></system-out>
	</testcase>
	<testcase name="simulation_script_cpp_codegen_negative_1" classname="simulation_script_cpp_codegen_negative_1" time="1.15247" status="run">
		<properties/>
		<system-out>-- Target 'simulation_script_cpp_codegen_negative_1' failed compilation for the expected reason
</system-out>
	</testcase>
	<testcase name="simulation_script_cpp_codegen_negative_2" classname="simulation_script_cpp_codegen_negative_2" time="1.10246" status="run">
		<properties/>
		<system-out>-- Target 'simulation_script_cpp_codegen_negative_2' failed compilation for the expected reason
</system-out>
	</testcase>
	<testcase name="simulation_script_cpp_codegen_negative_3" classname="simulation_script_cpp_codegen_negative_3" time="1.09708" status="run">
		<properties/>
		<system-out>-- Target 'simulation_script_cpp_codegen_negative_3' failed compilation for the expected reason
</system-out>
	</testcase>
	<testcase name="simulation_script_cpp_codegen_negative_4" classname="simulation_script_cpp_codegen_negative_4" time="1.09782" status="run">
		<properties/>
		<system-out>-- Target 'simulation_script_cpp_codegen_negative_4' failed compilation for the expected reason
</system-out>
	</testcase>
	<testcase name="simulation_script_cpp_codegen_negative_5" classname="simulation_script_cpp_codegen_negative_5" time="1.10173" status="run">
		<properties/>
		<system-out>-- Target 'simulation_script_cpp_codegen_negative_5' failed compilation for the expected reason
</system-out>
	</testcase>
	<testcase name="simulation_script_cpp_codegen_negative_6" classname="simulation_script_cpp_codegen_negative_6" time="1.06036" status="run">
		<properties/>
		<system-out>-- Target 'simulation_script_cpp_codegen_negative_6' failed compilation for the expected reason
</system-out>
	</testcase>
	<testcase name="simulation_script_cpp_codegen_negative_7" classname="simulation_script_cpp_codegen_negative_7" time="1.10265" status="run">
		<properties/>
		<system-out>-- Target 'simulation_script_cpp_codegen_negative_7' failed compilation for the expected reason
</system-out>
	</testcase>
	<testcase name="simulation_script_cpp_codegen_negative_8" classname="simulation_script_cpp_codegen_negative_8" time="1.12783" status="run">
		<properties/>
		<system-out>-- Target 'simulation_script_cpp_codegen_negative_8' failed compilation for the expected reason
</system-out>
	</testcase>
	<testcase name="simulation_script_cpp_codegen_negative_9" classname="simulation_script_cpp_codegen_negative_9" time="1.09325" status="run">
		<properties/>
		<system-out>-- Target 'simulation_script_cpp_codegen_negative_9' failed compilation for the expected reason
</system-out>
	</testcase>
	<testcase name="simulation_script_cpp_codegen_negative_10" classname="simulation_script_cpp_codegen_negative_10" time="1.0926" status="run">
		<properties/>
		<system-out>-- Target 'simulation_script_cpp_codegen_negative_10' failed compilation for the expected reason
</system-out>
	</testcase>
	<testcase name="simulation_script_cpp_codegen_negative_11" classname="simulation_script_cpp_codegen_negative_11" time="1.1138" status="run">
		<properties/>
		<system-out>-- Target 'simulation_script_cpp_codegen_negative_11' failed compilation for the expected reason
</system-out>
	</testcase>
	<testcase name="simulation_script_cpp_codegen_negative_12" classname="simulation_script_cpp_codegen_negative_12" time="1.05735" status="run">
		<properties/>
		<system-out>-- Target 'simulation_script_cpp_codegen_negative_12' failed compilation for the expected reason
</system-out>
	</testcase>
	<testcase name="simulation_script_cpp_codegen_negative_13" classname="simulation_script_cpp_codegen_negative_13" time="1.0846" status="run">
		<properties/>
		<system-out>-- Target 'simulation_script_cpp_codegen_negative_13' failed compilation for the expected reason
</system-out>
	</testcase>
	<testcase name="simulation_script_cpp_codegen_negative_14" classname="simulation_script_cpp_codegen_negative_14" time="1.09424" status="run">
		<properties/>
		<system-out>-- Target 'simulation_script_cpp_codegen_negative_14' failed compilation for the expected reason
</system-out>
	</testcase>
	<testcase name="simulation_script_cpp_codegen_negative_15" classname="simulation_script_cpp_codegen_negative_15" time="1.09773" status="run">
		<properties/>
		<system-out>-- Target 'simulation_script_cpp_codegen_negative_15' failed compilation for the expected reason
</system-out>
	</testcase>
	<testcase name="simulation_script_cpp_codegen_negative_16" classname="simulation_script_cpp_codegen_negative_16" time="1.0853" status="run">
		<properties/>
		<system-out>-- Target 'simulation_script_cpp_codegen_negative_16' failed compilation for the expected reason
</system-out>
	</testcase>
	<testcase name="simulation_script_cpp_codegen_negative_17" classname="simulation_script_cpp_codegen_negative_17" time="1.12184" status="run">
		<properties/>
		<system-out>-- Target 'simulation_script_cpp_codegen_negative_17' failed compilation for the expected reason
</system-out>
	</testcase>
	<testcase name="simulation_script_cpp_codegen_negative_18" classname="simulation_script_cpp_codegen_negative_18" time="1.11681" status="run">
		<properties/>
		<system-out>-- Target 'simulation_script_cpp_codegen_negative_18' failed compilation for the expected reason
</system-out>
	</testcase>
	<testcase name="simulation_script_cpp_codegen_negative_19" classname="simulation_script_cpp_codegen_negative_19" time="1.09329" status="run">
		<properties/>
		<system-out>-- Target 'simulation_script_cpp_codegen_negative_19' failed compilation for the expected reason
</system-out>
	</testcase>
	<testcase name="simulation_script_cpp_codegen_negative_20" classname="simulation_script_cpp_codegen_negative_20" time="1.07189" status="run">
		<properties/>
		<system-out>-- Target 'simulation_script_cpp_codegen_negative_20' failed compilation for the expected reason
</system-out>
	</testcase>
	<testcase name="simulation_script_cpp_codegen_negative_21" classname="simulation_script_cpp_codegen_negative_21" time="1.12714" status="run">
		<properties/>
		<system-out>-- Target 'simulation_script_cpp_codegen_negative_21' failed compilation for the expected reason
</system-out>
	</testcase>
	<testcase name="simulation_script_native_population_state" classname="simulation_script_native_population_state" time="0.0186481" status="run">
		<properties/>
		<system-out>population: reverse=0 frames=0 success=3 recycled=1 state_bytes=96 frame_bytes=0
population: reverse=1 frames=0 success=3 recycled=1 state_bytes=96 frame_bytes=0
</system-out>
	</testcase>
	<testcase name="simulation_script_native_population_frames" classname="simulation_script_native_population_frames" time="0.0098737" status="run">
		<properties/>
		<system-out>NATIVE_FRAME_FAILURE,start_cleanup=1,destroy_reentry_held_capacity=1,once=1
population: reverse=0 frames=1 success=3 recycled=1 state_bytes=96 frame_bytes=2176
NATIVE_FRAME_FAILURE,start_cleanup=1,destroy_reentry_held_capacity=1,once=1
population: reverse=1 frames=1 success=3 recycled=1 state_bytes=96 frame_bytes=2176
</system-out>
	</testcase>
	<testcase name="simulation_script_native_population_sync" classname="simulation_script_native_population_sync" time="0.0118748" status="run">
		<properties/>
		<system-out>population: reverse=0 frames=0 success=3 recycled=1 state_bytes=96 frame_bytes=0
population: reverse=1 frames=0 success=3 recycled=1 state_bytes=96 frame_bytes=0
</system-out>
	</testcase>
	<testcase name="simulation_script_native_population_shared" classname="simulation_script_native_population_shared" time="0.0109397" status="run">
		<properties/>
		<system-out>NATIVE_FRAME_FAILURE,start_cleanup=1,destroy_reentry_held_capacity=1,once=1
population: reverse=0 frames=1 success=3 recycled=1 state_bytes=96 frame_bytes=3072
NATIVE_FRAME_FAILURE,start_cleanup=1,destroy_reentry_held_capacity=1,once=1
population: reverse=1 frames=1 success=3 recycled=1 state_bytes=96 frame_bytes=3072
</system-out>
	</testcase>
	<testcase name="simulation_script_native_test" classname="simulation_script_native_test" time="0.0167216" status="run">
		<properties/>
		<system-out>modules=1 instances=128 state_arena=8192 metadata=3376 acquire=386 release=386
modules=8 instances=128 state_arena=8192 metadata=3376 acquire=386 release=386
modules=32 instances=128 state_arena=8192 metadata=3376 acquire=386 release=386
modules=64 instances=128 state_arena=8192 metadata=3376 acquire=386 release=386
NATIVE_SPECIALIZATION_REJECTED,context=1,dispatch=1,provider=0
NATIVE_BINDING_REUSE,cycles=32,retained=48,zeroed_state=1,closed=1
</system-out>
	</testcase>
	<testcase name="simulation_script_native_frame_storage_test" classname="simulation_script_native_frame_storage_test" time="0.0117455" status="run">
		<properties/>
		<system-out>NATIVE_REGIONS,observe=0,reserved=8192,metadata=976,all_large=8,excess_rejected=1,mixed=4096,small_regions=1,layout_reuse=32,lease=32,ticket=24
NATIVE_REGIONS,observe=1,reserved=8192,metadata=976,all_large=8,excess_rejected=1,mixed=4096,small_regions=1,layout_reuse=32,lease=32,ticket=24
NATIVE_REGION_IDENTITY,domain_isolation=1,tiny=1,owner=1,generation=1,metadata_budget=1 PASS
</system-out>
	</testcase>
	<testcase name="simulation_script_lua_test" classname="simulation_script_lua_test" time="0.0177569" status="run">
		<properties/>
		<system-out></system-out>
	</testcase>
	<testcase name="simulation_script_lua_closure_provenance_test" classname="simulation_script_lua_closure_provenance_test" time="0.0178227" status="run">
		<properties/>
		<system-out>COLD_CONTENT,oom=4,rebuilds=32,new_content_isolated=1,cache_growth=0,provider=33
COLD_RELOAD,reloads=32,held_calls=32,stale_provider=0,provider=97,cache_growth=0
DEPTH_RECOVERY,depth=4,providers=30,rejected=16,repeat=1 PASS
</system-out>
	</testcase>
	<testcase name="simulation_script_lua_prepared_storage_test" classname="simulation_script_lua_prepared_storage_test" time="0.0190536" status="run">
		<properties/>
		<system-out></system-out>
	</testcase>
	<testcase name="simulation_script_lua_vm_coroutine_contract_test" classname="simulation_script_lua_vm_coroutine_contract_test" time="0.0141508" status="run">
		<properties/>
		<system-out>BOOTSTRAP_OOM,failures=2,stack_delta=0,recovery=1
LUA_RESUME_BASE,yields=3,input_args=2,resume_args=2,result_count=3,values=51/22/33,stack_growth=0
LUA55_LANGUAGE,compat_global=1,for_readonly=1,quoted_key=1,float_roundtrip=1
THREAD_REUSE_REJECTED,retained_after_unref=1,closure=1,identity=1,dead=1,cancel=1,error=1
</system-out>
	</testcase>
	<testcase name="simulation_script_lua_coroutine_integration_test" classname="simulation_script_lua_coroutine_integration_test" time="0.0204792" status="run">
		<properties/>
		<system-out></system-out>
	</testcase>
	<testcase name="simulation_script_lua_creation_oom_0" classname="simulation_script_lua_creation_oom_0" time="0.0111796" status="run">
		<properties/>
		<system-out>CASE,creation-oom,prepared=1,continuation_capacity=1
CREATE_ALLOCATION,index=0,old=8,new=360,kind=new
CREATE_ALLOCATION,index=1,old=8,new=360,kind=new
CREATION_OOM_PASS,permitted=0,failures=2,provider_during_failure=0,stack_delta=0,slot_reused=1,roots=1,releases=1
</system-out>
	</testcase>
	<testcase name="simulation_script_lua_creation_oom_1" classname="simulation_script_lua_creation_oom_1" time="0.0114272" status="run">
		<properties/>
		<system-out>CASE,creation-oom,prepared=1,continuation_capacity=1
CREATE_ALLOCATION,index=0,old=8,new=360,kind=new
CREATE_ALLOCATION,index=1,old=0,new=720,kind=new
CREATE_ALLOCATION,index=2,old=0,new=720,kind=new
CREATION_OOM_PASS,permitted=1,failures=2,provider_during_failure=0,stack_delta=0,slot_reused=1,roots=1,releases=1
</system-out>
	</testcase>
	<testcase name="simulation_script_lua_creation_retire_test" classname="simulation_script_lua_creation_retire_test" time="0.0109288" status="run">
		<properties/>
		<system-out>CREATE_ALLOCATION,index=0,old=8,new=360,kind=new
CREATE_ALLOCATION,index=1,old=0,new=720,kind=new
CREATION_REENTRY_PASS,mode=native-retire,read_entries=1,reads=1,writes=1,roots=1,releases=1
CREATION_STEP_RESULT,observed=1,status=-1,runtime_errors=0
</system-out>
	</testcase>
	<testcase name="simulation_script_lua_creation_stop_test" classname="simulation_script_lua_creation_stop_test" time="0.0094265" status="run">
		<properties/>
		<system-out>CREATE_ALLOCATION,index=0,old=8,new=360,kind=new
CREATE_ALLOCATION,index=1,old=0,new=720,kind=new
CREATION_REENTRY_PASS,mode=deferred-stop,read_entries=2,reads=2,writes=2,roots=1,releases=1
CREATION_STEP_RESULT,observed=1,status=0,runtime_errors=0
</system-out>
	</testcase>
	<testcase name="simulation_script_lua_fixed_root_registry_test" classname="simulation_script_lua_fixed_root_registry_test" time="0.013375" status="run">
		<properties/>
		<system-out>CREATE_ALLOCATION,index=0,old=0,new=200,kind=new
CREATE_ALLOCATION,index=1,old=0,new=292,kind=new
CREATE_ALLOCATION,index=2,old=0,new=200,kind=new
CREATE_ALLOCATION,index=3,old=0,new=580,kind=new
CREATE_ALLOCATION,index=4,old=0,new=200,kind=new
CREATE_ALLOCATION,index=5,old=0,new=1156,kind=new
CREATE_ALLOCATION,index=6,old=0,new=200,kind=new
CREATE_ALLOCATION,index=7,old=0,new=2308,kind=new
CREATE_ALLOCATION,index=8,old=0,new=200,kind=new
CREATE_ALLOCATION,index=9,old=0,new=4612,kind=new
REGISTRY_CALIBRATION,padding=242,next_reference=259
FIXED_ROOT_PASS,registry_boundary_untouched=1,provider_calls=4,roots=1,releases=1
</system-out>
	</testcase>
	<testcase name="simulation_script_collision_event_test" classname="simulation_script_collision_event_test" time="0.0169378" status="run">
		<properties/>
		<system-out></system-out>
	</testcase>
	<testcase name="simulation_script_lua_value_boundary_test" classname="simulation_script_lua_value_boundary_test" time="0.0147759" status="run">
		<properties/>
		<system-out>CODEC_STACK_BEGIN,depth=1,required=12
CODEC_STACK_PASS,depth=1,bidirectional=1,independent_tables=1
CODEC_STACK_BEGIN,depth=16,required=72
CODEC_STACK_PASS,depth=16,bidirectional=1,independent_tables=1
CODEC_STACK_BEGIN,depth=32,required=136
CODEC_STACK_PASS,depth=32,bidirectional=1,independent_tables=1
CODEC_INNER_STACK_OOM,callback_entered=1,vm_failure=1,outer_lifetime=1,depth32_recovery=1 PASS
CODEC_PLAN fields=12 stable=1 hash-shape=1 strict=1 missing-order=1 PASS
LUA_INTEGER_OPERATORS,division=-4,bitand=3,shift=16,typed_i32=15
LUA_NUMERIC_CONTRACT,i32_u32_bounds=1,f64_2pow53=1,i64_u64_unsupported=1,finite=1,negative_zero=1
TYPED_PLAN_OK,bidirectional=1,nested_table_identity=distinct,retained_result=unchanged
PLAIN_TREE_OK,nodes=6,pcall=1,enum_path=1,depth=1,oom=1,outer_owner=1,recovery=1
PLAIN_TREE_FIELD_ORDER_OK,allocation_callback=1,observed_x=17
CUSTOM_READ_FIELD_ORDER,first=29,later=73,mutations=1,live=0 PASS
LUA_VALUE boundary shape const-construction reverse-cleanup representation OOM recovery PASS...
[This part of the test output was removed since it exceeds the threshold of 1024 bytes.]
</system-out>
	</testcase>
	<testcase name="simulation_script_lua_value_runtime_test" classname="simulation_script_lua_value_runtime_test" time="0.0189086" status="run">
		<properties/>
		<system-out>VALUE_CASE asset=1
VALUE_CASE asset=2
VALUE_CASE asset=3
VALUE_CASE asset=4
VALUE_CASE asset=5
VALUE_CASE asset=6
VALUE_CASE asset=7
VALUE_CASE asset=8
VALUE_CASE asset=9
VALUE_CASE asset=10
VALUE_CASE asset=11
VALUE_CASE asset=12
VALUE_CASE asset=13
VALUE_CASE asset=14
VALUE_CASE asset=15
ADMISSION_BEGIN retire-scalar
VALUE_CASE asset=16
ADMISSION_LUA retire-scalar reached ok=false
ADMISSION_COUNTS retire-scalar scalar=0 zero=0 angles=1 failures=0
ADMISSION_PASS retire-scalar endplay=1 backlog=0
ADMISSION_BEGIN retire-zero
VALUE_CASE asset=17
ADMISSION_LUA retire-zero reached ok=false
ADMISSION_COUNTS retire-zero scalar=0 zero=0 angles=1 failures=0
ADMISSION_PASS retire-zero endplay=1 backlog=0
ADMISSION_BEGIN fault-scalar
VALUE_CASE asset=18
ADMISSION_LUA fault-scalar reached ok=false
ADMISSION_COUNTS fault-scalar scalar=0 zero=0 angles=1 failures=1
ADMISSION_PASS fault-scalar endplay=1 backlog=0
ADMISSION_BEGIN fault-zero
VALUE_CASE asset=19
ADMISSION_LUA fault-zero reached ok=false
ADMISSION_COUNTS fault-...
[This part of the test output was removed since it exceeds the threshold of 1024 bytes.]
</system-out>
	</testcase>
	<testcase name="simulation_script_lua_resume_retire_test" classname="simulation_script_lua_resume_retire_test" time="0.0125395" status="run">
		<properties/>
		<system-out>RESUME_AUTHORITY stop=0 converted=1 provider=0 roots=1 released=1 backlog=0 PASS
ENGINE_LEAF,available=1,observed=0,fast=0,standard=0
</system-out>
	</testcase>
	<testcase name="simulation_script_lua_resume_stop_test" classname="simulation_script_lua_resume_stop_test" time="0.0106734" status="run">
		<properties/>
		<system-out>RESUME_AUTHORITY stop=1 converted=1 provider=1 roots=1 released=1 backlog=0 PASS
ENGINE_LEAF,available=1,observed=0,fast=0,standard=0
</system-out>
	</testcase>
	<testcase name="simulation_script_native_lua_tasks_test" classname="simulation_script_native_lua_tasks_test" time="0.0419732" status="run">
		<properties/>
		<system-out>CASE stateless-publication owner=null epoch=0 completed=1 result=31 frames=1
CASE cold-native-step-shape kind=13 objects=0 provider=0 leases=0
CASE cold-native-step-shape kind=14 objects=0 provider=0 leases=0
CASE flat-void-failure body=error('void failure') provider=0 frames=1 waits=0
CASE flat-void-failure body=coroutine.yield() provider=0 frames=1 waits=0
CASE flat-void-failure body=lux.Event.Task.event() provider=0 frames=1 waits=0
CASE flat-void-failure body=local x &lt;close&gt; = setmetatable({}, {__close=function() lux.TaskProbe.hit(3) end}); error('close') provider=1 frames=1 waits=0
CASE flat-void-recovery provider=1 completed=1 number-representation=float
CASE cold-factory invalid-capacity=1 duplicate-plan=1
CASE host-reject leases=0 slot-reused=1
CASE event count=64 rounds=1 payload=31 completed=64 lua_threads=0 lua_resumes=0 leases=0
CASE event count=1000 rounds=1 payload=31 completed=1000 lua_threads=0 lua_resumes=0 leases=0
CASE event count=64 rounds=32 payload=31 completed=64 lua_threads=0 lua_resum...
[This part of the test output was removed since it exceeds the threshold of 1024 bytes.]
</system-out>
	</testcase>
	<testcase name="simulation_script_bindings_test" classname="simulation_script_bindings_test" time="0.0167836" status="run">
		<properties/>
		<system-out>INVOCATION_AUTHORITY_OK,bounds=2,identity=2,move_pin=1,retired_denied=1,reused_denied=1,stable=1
HOOK_ORDER_OK,registrations=64,swap_pop=1,nested_withdraw=1,republish=1
HOOK_ORDER_OK,registrations=65,swap_pop=1,nested_withdraw=1,republish=1
HOOK_ORDER_OK,registrations=4097,swap_pop=1,nested_withdraw=1,republish=1
BINDINGS_OK,rollback=1,aborted_ticket=1,rebuilds=128,calls=130
HOT_LAYOUT prepared_invocation=32 method_reference=32
</system-out>
	</testcase>
	<testcase name="simulation_script_ingress_frontier_test" classname="simulation_script_ingress_frontier_test" time="0.0154081" status="run">
		<properties/>
		<system-out>INGRESS_WINDOW empty=pass unpublished=pass frontier=pass bounded_retry=pass
</system-out>
	</testcase>
	<testcase name="simulation_script_runtime_test" classname="simulation_script_runtime_test" time="0.019578" status="run">
		<properties/>
		<system-out></system-out>
	</testcase>
	<testcase name="simulation_script_continuation_test" classname="simulation_script_continuation_test" time="0.0277674" status="run">
		<properties/>
		<system-out>LOCAL_TIMER_CAPACITY,local=0,awaitable_full=0,repeats=32,rollback=1,live=0
LOCAL_TIMER_CAPACITY,local=0,awaitable_full=1,repeats=32,rollback=1,live=0
LOCAL_TIMER_CAPACITY,local=1,awaitable_full=0,repeats=32,rollback=1,live=0
LOCAL_TIMER_CAPACITY,local=1,awaitable_full=1,repeats=32,rollback=1,live=0
LOCAL_TIMER_RETIRE,simulation=0,rebuilds=32,capabilities=0,cleaned=33,live=0
LOCAL_TIMER_RETIRE,simulation=1,rebuilds=32,capabilities=0,cleaned=33,live=0
LOCAL_TIMER,enabled=0,capabilities=6,resumes=2,source_unlinked=1
TIMER_RETRY,mode=0,due_step=1,retry_step=2,resumes=2,waits=0
LOCAL_TIMER,enabled=0,capabilities=6,resumes=2,source_unlinked=1
TIMER_RETRY,mode=1,due_step=1,retry_step=2,resumes=2,waits=0
LOCAL_TIMER,enabled=0,capabilities=6,resumes=2,source_unlinked=1
TIMER_RETRY,mode=2,due_step=2,retry_step=3,resumes=2,waits=0
LOCAL_TIMER,enabled=1,capabilities=0,resumes=2,source_unlinked=1
TIMER_RETRY,mode=0,due_step=1,retry_step=2,resumes=2,waits=0
LOCAL_TIMER,enabled=1,capabilities=0,resumes=2,source_unlinked=1
T...
[This part of the test output was removed since it exceeds the threshold of 1024 bytes.]
</system-out>
	</testcase>
	<testcase name="simulation_script_event_wait_test" classname="simulation_script_event_wait_test" time="0.0858559" status="run">
		<properties/>
		<system-out>EVENT_PROJECTION default=31 custom=36 invalid_provider_calls=0 malformed_size=rejected
EVENT_CASE testBroadcastSemantics()
EVENT_REUSE cycles=37 waiters=74 resumes=74 callbacks=37 high_water=2 backlog=0
EVENT_CASE testRegistrationCutoff()
EVENT_CASE testSealedBatchAndOwnedResultAcrossSteps()
SEALED_STEP,step=1,resumes=1,queue=1,last=10
SEALED_STEP,step=2,resumes=2,queue=0,last=20
EVENT_CASE testTargetedAndRetirement()
EVENT_CASE testTargetedScopeRejection()
EVENT_CASE testCapacityFailure()
EVENT_CASE testAwaitableCapacityFailure()
EVENT_CASE testResumeQueueFailure()
EVENT_CASE testResumeBudget()
EVENT_CASE testPayloadFailures()
EVENT_CASE testArtifactSchemaDriftFailsBeforeInstanceCreation()
EVENT_CASE testNestedDispatch()
EVENT_CASE testShutdownWithPendingWaiter()
EVENT_CASE testIdleWaiterComplexity(10'000U)
EVENT_CASE testIdleWaiterComplexity(50'000U)
EVENT_CASE testIdleWaiterComplexity(100'000U)
EVENT_CASE testOutputSensitiveRetirement()
EVENT_CASE testPreparedAdmissionProvenance()
EVENT_CASE testCopyRetire...
[This part of the test output was removed since it exceeds the threshold of 1024 bytes.]
</system-out>
	</testcase>
	<testcase name="simulation_script_event_wait_race_test" classname="simulation_script_event_wait_race_test" time="0.0110155" status="run">
		<properties/>
		<system-out>EVENT_PROJECTION default=31 custom=36 invalid_provider_calls=0 malformed_size=rejected
EVENT_CASE testBroadcastSemantics()
EVENT_REUSE cycles=37 waiters=74 resumes=74 callbacks=37 high_water=2 backlog=0
EVENT_CASE testRegistrationCutoff()
EVENT_CASE testSealedBatchAndOwnedResultAcrossSteps()
SEALED_STEP,step=1,resumes=1,queue=1,last=10
SEALED_STEP,step=2,resumes=2,queue=0,last=20
EVENT_CASE testTargetedAndRetirement()
EVENT_CASE testTargetedScopeRejection()
EVENT_CASE testCapacityFailure()
EVENT_CASE testAwaitableCapacityFailure()
EVENT_CASE testResumeQueueFailure()
EVENT_CASE testResumeBudget()
EVENT_CASE testPayloadFailures()
EVENT_CASE testArtifactSchemaDriftFailsBeforeInstanceCreation()
EVENT_CASE testNestedDispatch()
EVENT_CASE testShutdownWithPendingWaiter()
EVENT_CASE testPreparedAdmissionProvenance()
EVENT_CASE testCopyRetirementPin()
EVENT_CASE testCopyOtherRecordRemoval()
EVENT_CASE testCopyShutdownAndFailure()
EVENT_CASE testCopyNestedAdmission()
</system-out>
	</testcase>
	<testcase name="simulation_script_lifecycle_test" classname="simulation_script_lifecycle_test" time="0.0180791" status="run">
		<properties/>
		<system-out>REGION commands accepted=3 rejected=2 late_rejected=1 calls=4 copied=19 destroys=2 PASS
REGION stop accepted=2 calls=4 ends=2 destroys=2 PASS
REGION fault calls=3 failures=1 survivors=1 destroys=2 PASS
MOVE_REPLACEMENT suspended=0 old_end=1 release=3 destroy=1 lease=1 frame=0
MOVE_FINAL suspended=0 order=verified old=1 incoming=1
MOVE_REPLACEMENT suspended=1 old_end=1 release=3 destroy=1 lease=1 frame=1
MOVE_OLD_COMPLETION STOPPING
MOVE_FINAL suspended=1 order=verified old=1 incoming=1
MOVE_EMPTY_CLOSED_SELF old=1 incoming=1 verified
REENTRY_CASE,1
REENTRY_OK,1,1,2,2,0
REENTRY_CASE,2
REENTRY_OK,2,1,2,2,0
REENTRY_CASE,3
REENTRY_OK,3,1,2,2,0
REENTRY_CASE,4
REENTRY_OK,4,1,2,2,3
REENTRY_CASE,5
REENTRY_OK,5,1,2,2,0
REENTRY_CASE,6
REENTRY_OK,6,1,2,2,0
REENTRY_CASE,7
REENTRY_OK,7,1,2,2,0
REENTRY_CASE,3
REENTRY_OK,3,1,2,2,0
</system-out>
	</testcase>
	<testcase name="simulation_script_move_busy_test" classname="simulation_script_move_busy_test" time="0.0258205" status="run">
		<properties/>
		<system-out>-- MOVE_BUSY terminate retained=1

</system-out>
	</testcase>
	<testcase name="script_runtime_benchmark_smoke" classname="script_runtime_benchmark_smoke" time="0.600081" status="run">
		<properties/>
		<system-out></system-out>
	</testcase>
	<testcase name="simulation_composition_test" classname="simulation_composition_test" time="0.0160374" status="run">
		<properties/>
		<system-out></system-out>
	</testcase>
	<testcase name="simulation_hook_execution_test" classname="simulation_hook_execution_test" time="0.126601" status="run">
		<properties/>
		<system-out></system-out>
	</testcase>
	<testcase name="simulation_hook_regions_test" classname="simulation_hook_regions_test" time="0.0174285" status="run">
		<properties/>
		<system-out></system-out>
	</testcase>
	<testcase name="simulation_hook_return_negative" classname="simulation_hook_return_negative" time="1.18523" status="run">
		<properties/>
		<system-out>-- Target 'simulation_hook_return_negative' failed compilation for the expected reason
</system-out>
	</testcase>
	<testcase name="simulation_script_ability_codegen_test" classname="simulation_script_ability_codegen_test" time="0.0149402" status="run">
		<properties/>
		<system-out></system-out>
	</testcase>
	<testcase name="simulation_script_ability_borrowed_async_negative" classname="simulation_script_ability_borrowed_async_negative" time="0.280662" status="run">
		<properties/>
		<system-out>-- Target 'simulation_script_ability_borrowed_async_negative' failed compilation for the expected reason
</system-out>
	</testcase>
	<testcase name="simulation_script_ability_duplicate_method_negative" classname="simulation_script_ability_duplicate_method_negative" time="0.277197" status="run">
		<properties/>
		<system-out>-- Target 'simulation_script_ability_duplicate_method_negative' failed compilation for the expected reason
</system-out>
	</testcase>
	<testcase name="simulation_script_ability_mutable_parameter_negative" classname="simulation_script_ability_mutable_parameter_negative" time="0.276893" status="run">
		<properties/>
		<system-out>-- Target 'simulation_script_ability_mutable_parameter_negative' failed compilation for the expected reason
</system-out>
	</testcase>
	<testcase name="simulation_script_ability_mutable_result_negative" classname="simulation_script_ability_mutable_result_negative" time="0.27851" status="run">
		<properties/>
		<system-out>-- Target 'simulation_script_ability_mutable_result_negative' failed compilation for the expected reason
</system-out>
	</testcase>
	<testcase name="simulation_script_ability_projection_test" classname="simulation_script_ability_projection_test" time="0.0132943" status="run">
		<properties/>
		<system-out></system-out>
	</testcase>
	<testcase name="simulation_script_ability_codegen_deterministic" classname="simulation_script_ability_codegen_deterministic" time="0.0164729" status="run">
		<properties/>
		<system-out></system-out>
	</testcase>
	<testcase name="vnext_transform_decode" classname="vnext_transform_decode" time="0.0091883" status="run">
		<properties>
			<property name="cmake_labels" value="cpu;l1;schema;transform;vnext"/>
		</properties>
		<system-out></system-out>
	</testcase>
	<testcase name="vnext_transform_system" classname="vnext_transform_system" time="0.12259" status="run">
		<properties>
			<property name="cmake_labels" value="cpu;l1;transform;vnext"/>
		</properties>
		<system-out></system-out>
	</testcase>
	<testcase name="physics2d_simulation_test" classname="physics2d_simulation_test" time="0.0109846" status="run">
		<properties/>
		<system-out></system-out>
	</testcase>
	<testcase name="physics2d_lua_integration_test" classname="physics2d_lua_integration_test" time="0.017348" status="run">
		<properties/>
		<system-out></system-out>
	</testcase>
	<testcase name="physics2d_script_benchmark_smoke" classname="physics2d_script_benchmark_smoke" time="0.0298552" status="run">
		<properties/>
		<system-out>INTEGRITY,physics,steady,invocation_errors=0,instances=9,resumes=17,queue=0
INTEGRITY,physics,shutdown,invocation_errors=0,instances=0,backlog=0
VM_FINAL,accounting=0,alloc=0,realloc=0,free=0,failures=0,heap_alloc=0,heap_free=0,slot_reuses=0,in_place=0,live=0,peak_live=0,idle_page_backing=0,peak_idle_page_backing=0,threads=0,resumes=0,released=0,leaf_available=1,leaf_observed=0,leaf=0,standard=0
</system-out>
	</testcase>
	<testcase name="process_timer_test" classname="process_timer_test" time="0.0858758" status="run">
		<properties/>
		<system-out></system-out>
	</testcase>
	<testcase name="process_port_sender_test" classname="process_port_sender_test" time="0.0088281" status="run">
		<properties/>
		<system-out></system-out>
	</testcase>
	<testcase name="process_execution_runtime_test" classname="process_execution_runtime_test" time="0.0155485" status="run">
		<properties/>
		<system-out></system-out>
	</testcase>
	<testcase name="process_task_scope_test" classname="process_task_scope_test" time="0.0838213" status="run">
		<properties/>
		<system-out></system-out>
	</testcase>
	<testcase name="task_scope_unconsumed_value_negative" classname="task_scope_unconsumed_value_negative" time="1.36278" status="run">
		<properties/>
		<system-out>-- Target 'task_scope_unconsumed_value_negative' failed compilation for the expected reason
</system-out>
	</testcase>
	<testcase name="task_scope_unconsumed_error_negative" classname="task_scope_unconsumed_error_negative" time="0.914746" status="run">
		<properties/>
		<system-out>-- Target 'task_scope_unconsumed_error_negative' failed compilation for the expected reason
</system-out>
	</testcase>
	<testcase name="scene_composition_test" classname="scene_composition_test" time="0.0369006" status="run">
		<properties/>
		<system-out></system-out>
	</testcase>
	<testcase name="scene_world_materialization_test" classname="scene_world_materialization_test" time="0.016287" status="run">
		<properties/>
		<system-out></system-out>
	</testcase>
	<testcase name="scene_world_materialization_deferred_test" classname="scene_world_materialization_deferred_test" time="0.0168275" status="run">
		<properties/>
		<system-out></system-out>
	</testcase>
	<testcase name="scene_script_description_test" classname="scene_script_description_test" time="0.121321" status="run">
		<properties/>
		<system-out></system-out>
	</testcase>
	<testcase name="script_binding_authoring_test" classname="script_binding_authoring_test" time="0.0159576" status="run">
		<properties/>
		<system-out></system-out>
	</testcase>
	<testcase name="scene_script_runtime_test" classname="scene_script_runtime_test" time="0.0582988" status="run">
		<properties/>
		<system-out></system-out>
	</testcase>
	<testcase name="scene_script_lua_runtime_test" classname="scene_script_lua_runtime_test" time="0.0227559" status="run">
		<properties/>
		<system-out>LUA_STEP,step=1,resumes=0,suspensions=1,next=0,delay=0,external=1,active=1,writes=1,value=1
LUA_STEP,step=1,resumes=0,suspensions=1,next=0,delay=0,external=1,active=1,writes=1,value=1
LUA_STEP,step=2,resumes=1,suspensions=2,next=1,delay=0,external=0,active=1,writes=1,value=1
LUA_STEP,step=2,resumes=1,suspensions=2,next=1,delay=0,external=0,active=1,writes=1,value=1
LUA_STEP,step=3,resumes=2,suspensions=3,next=0,delay=1,external=0,active=1,writes=1,value=1
LUA_STEP,step=3,resumes=2,suspensions=3,next=0,delay=1,external=0,active=1,writes=1,value=1
LUA_STEP,step=4,resumes=2,suspensions=3,next=0,delay=1,external=0,active=1,writes=1,value=1
LUA_STEP,step=4,resumes=2,suspensions=3,next=0,delay=1,external=0,active=1,writes=1,value=1
LUA_STEP,step=5,resumes=3,suspensions=3,next=0,delay=0,external=0,active=0,writes=2,value=1234
LUA_STEP,step=5,resumes=3,suspensions=3,next=0,delay=0,external=0,active=0,writes=2,value=1234
SCENE_DEFERRED fault=0 resumed=2 provider=2 accepted=2 endplay=2 backlog=0 PASS
SCENE_DEFERRED fau...
[This part of the test output was removed since it exceeds the threshold of 1024 bytes.]
</system-out>
	</testcase>
	<testcase name="scene_script_lua_runtime_workers_0" classname="scene_script_lua_runtime_workers_0" time="0.0176426" status="run">
		<properties/>
		<system-out>LUA_STEP,step=1,resumes=0,suspensions=1,next=0,delay=0,external=1,active=1,writes=1,value=1
LUA_STEP,step=1,resumes=0,suspensions=1,next=0,delay=0,external=1,active=1,writes=1,value=1
LUA_STEP,step=2,resumes=1,suspensions=2,next=1,delay=0,external=0,active=1,writes=1,value=1
LUA_STEP,step=2,resumes=1,suspensions=2,next=1,delay=0,external=0,active=1,writes=1,value=1
LUA_STEP,step=3,resumes=2,suspensions=3,next=0,delay=1,external=0,active=1,writes=1,value=1
LUA_STEP,step=3,resumes=2,suspensions=3,next=0,delay=1,external=0,active=1,writes=1,value=1
LUA_STEP,step=4,resumes=2,suspensions=3,next=0,delay=1,external=0,active=1,writes=1,value=1
LUA_STEP,step=4,resumes=2,suspensions=3,next=0,delay=1,external=0,active=1,writes=1,value=1
LUA_STEP,step=5,resumes=3,suspensions=3,next=0,delay=0,external=0,active=0,writes=2,value=1234
LUA_STEP,step=5,resumes=3,suspensions=3,next=0,delay=0,external=0,active=0,writes=2,value=1234
SCENE_DEFERRED fault=0 resumed=2 provider=2 accepted=2 endplay=2 backlog=0 PASS
SCENE_DEFERRED fau...
[This part of the test output was removed since it exceeds the threshold of 1024 bytes.]
</system-out>
	</testcase>
	<testcase name="scene_script_lua_runtime_workers_2" classname="scene_script_lua_runtime_workers_2" time="0.0171235" status="run">
		<properties/>
		<system-out>LUA_STEP,step=1,resumes=0,suspensions=1,next=0,delay=0,external=1,active=1,writes=1,value=1
LUA_STEP,step=1,resumes=0,suspensions=1,next=0,delay=0,external=1,active=1,writes=1,value=1
LUA_STEP,step=2,resumes=1,suspensions=2,next=1,delay=0,external=0,active=1,writes=1,value=1
LUA_STEP,step=2,resumes=1,suspensions=2,next=1,delay=0,external=0,active=1,writes=1,value=1
LUA_STEP,step=3,resumes=2,suspensions=3,next=0,delay=1,external=0,active=1,writes=1,value=1
LUA_STEP,step=3,resumes=2,suspensions=3,next=0,delay=1,external=0,active=1,writes=1,value=1
LUA_STEP,step=4,resumes=2,suspensions=3,next=0,delay=1,external=0,active=1,writes=1,value=1
LUA_STEP,step=4,resumes=2,suspensions=3,next=0,delay=1,external=0,active=1,writes=1,value=1
LUA_STEP,step=5,resumes=3,suspensions=3,next=0,delay=0,external=0,active=0,writes=2,value=1234
LUA_STEP,step=5,resumes=3,suspensions=3,next=0,delay=0,external=0,active=0,writes=2,value=1234
SCENE_DEFERRED fault=0 resumed=2 provider=2 accepted=2 endplay=2 backlog=0 PASS
SCENE_DEFERRED fau...
[This part of the test output was removed since it exceeds the threshold of 1024 bytes.]
</system-out>
	</testcase>
	<testcase name="scene_script_lua_runtime_workers_4" classname="scene_script_lua_runtime_workers_4" time="0.0182737" status="run">
		<properties/>
		<system-out>LUA_STEP,step=1,resumes=0,suspensions=1,next=0,delay=0,external=1,active=1,writes=1,value=1
LUA_STEP,step=1,resumes=0,suspensions=1,next=0,delay=0,external=1,active=1,writes=1,value=1
LUA_STEP,step=2,resumes=1,suspensions=2,next=1,delay=0,external=0,active=1,writes=1,value=1
LUA_STEP,step=2,resumes=1,suspensions=2,next=1,delay=0,external=0,active=1,writes=1,value=1
LUA_STEP,step=3,resumes=2,suspensions=3,next=0,delay=1,external=0,active=1,writes=1,value=1
LUA_STEP,step=3,resumes=2,suspensions=3,next=0,delay=1,external=0,active=1,writes=1,value=1
LUA_STEP,step=4,resumes=2,suspensions=3,next=0,delay=1,external=0,active=1,writes=1,value=1
LUA_STEP,step=4,resumes=2,suspensions=3,next=0,delay=1,external=0,active=1,writes=1,value=1
LUA_STEP,step=5,resumes=3,suspensions=3,next=0,delay=0,external=0,active=0,writes=2,value=1234
LUA_STEP,step=5,resumes=3,suspensions=3,next=0,delay=0,external=0,active=0,writes=2,value=1234
SCENE_DEFERRED fault=0 resumed=2 provider=2 accepted=2 endplay=2 backlog=0 PASS
SCENE_DEFERRED fau...
[This part of the test output was removed since it exceeds the threshold of 1024 bytes.]
</system-out>
	</testcase>
</testsuite>
